<?xml version="1.0" encoding="UTF-8"?>
<!-- Generated by org.testng.reporters.JUnitXMLReporter -->
<testsuite ignored="6" hostname="lob-mbp-C02G713FMD6P" failures="0" tests="1007" name="Command line test" time="14.85" errors="0" timestamp="05 May 2022 19:39:42 GMT">
  <testcase classname="Integration.BankAccountsApiSpecTest" name="bankAccountCreateTest" time="0.794"/>
  <testcase classname="Integration.BankAccountsApiSpecTest" name="bankAccountCreateTestBadParameter" time="0.001"/>
  <testcase classname="Integration.BankAccountsApiSpecTest" name="bankAccountCreateTestBadUsername" time="0.382"/>
  <testcase classname="Integration.BankAccountsApiSpecTest" name="bankAccountDeleteTest" time="0.11"/>
  <testcase classname="Integration.BankAccountsApiSpecTest" name="bankAccountDeleteTestBadParameter" time="0.0"/>
  <testcase classname="Integration.BankAccountsApiSpecTest" name="bankAccountDeleteTestBadUsername" time="0.092"/>
  <testcase classname="Integration.BankAccountsApiSpecTest" name="bankAccountGetTest" time="0.396"/>
  <testcase classname="Integration.BankAccountsApiSpecTest" name="bankAccountGetTestBadParameter" time="0.0"/>
  <testcase classname="Integration.BankAccountsApiSpecTest" name="bankAccountGetTestBadUsername" time="0.266"/>
  <testcase classname="Integration.BankAccountsApiSpecTest" name="bankAccountListTesWithAfterParam" time="0.204"/>
  <testcase classname="Integration.BankAccountsApiSpecTest" name="bankAccountListTesWithbeforeParam" time="0.451"/>
  <testcase classname="Integration.BankAccountsApiSpecTest" name="bankAccountListTest" time="0.22"/>
  <testcase classname="Integration.BankAccountsApiSpecTest" name="bankAccountListTestBadUsername" time="0.087"/>
  <testcase classname="Integration.BankAccountsApiSpecTest" name="bankAccountRetrieveTestBadUsername" time="0.305"/>
  <testcase classname="Integration.BankAccountsApiSpecTest" name="bankAccountVerifyTest" time="0.128"/>
  <testcase classname="Integration.BankAccountsApiSpecTest" name="bankAccountVerifyTestBadParameter" time="0.0"/>
  <testcase classname="Integration.AddressesApiSpecTest" name="addressCreateTest" time="0.184"/>
  <testcase classname="Integration.AddressesApiSpecTest" name="addressCreateTestBadParameter" time="0.001"/>
  <testcase classname="Integration.AddressesApiSpecTest" name="addressCreateTestBadUsername" time="0.406"/>
  <testcase classname="Integration.AddressesApiSpecTest" name="addressDeleteTest" time="0.101"/>
  <testcase classname="Integration.AddressesApiSpecTest" name="addressListTest" time="0.343"/>
  <testcase classname="Integration.AddressesApiSpecTest" name="addressListTestBadUsername" time="0.258"/>
  <testcase classname="Integration.AddressesApiSpecTest" name="addressListTestWithBeforeParam" time="0.356"/>
  <testcase classname="Integration.AddressesApiSpecTest" name="addressListTestWithIncludesParam" time="0.286"/>
  <testcase classname="Integration.AddressesApiSpecTest" name="addressListTestWithNextPageToken" time="0.438"/>
  <testcase classname="Integration.AddressesApiSpecTest" name="addressListTestWithPreviousPageToken" time="0.227"/>
  <testcase classname="Integration.AddressesApiSpecTest" name="addressRetrieveTest" time="0.378"/>
  <testcase classname="Integration.AddressesApiSpecTest" name="addressRetrieveTestBadParameter" time="0.0"/>
  <testcase classname="Integration.AddressesApiSpecTest" name="addressRetrieveTestBadUsername" time="0.091"/>
  <testcase classname="Model.AddressDeletionTest" name="_objectTest" time="0.0"/>
  <testcase classname="Model.AddressDeletionTest" name="deletedTest" time="0.0"/>
  <testcase classname="Model.AddressDeletionTest" name="idTest" time="0.0"/>
  <testcase classname="Model.AddressDeletionTest" name="idTestCatchesException" time="0.0"/>
  <testcase classname="Model.AddressDeletionTest" name="testAddressDeletion" time="0.0"/>
  <testcase classname="Model.UsAutocompletionsTest" name="_objectTest" time="0.0"/>
  <testcase classname="Model.UsAutocompletionsTest" name="idTest" time="0.0"/>
  <testcase classname="Model.UsAutocompletionsTest" name="suggestionsTest" time="0.0"/>
  <testcase classname="Model.UsAutocompletionsTest" name="testUsAutocompletions" time="0.0"/>
  <testcase classname="Model.CardTest" name="cardTestCatchesInvalidId" time="0.003"/>
  <testcase classname="Model.CardTest" name="cardTestWithProvidedValue" time="0.0"/>
  <testcase classname="Model.CardTest" name="cardTestWithProvidedValue" time="0.0"/>
  <testcase classname="Model.CardTest" name="cardTestWithProvidedValue" time="0.0"/>
  <testcase classname="Model.CardTest" name="cardTestWithProvidedValue" time="0.001"/>
  <testcase classname="Model.CardTest" name="cardTestWithProvidedValue" time="0.0"/>
  <testcase classname="Model.CardTest" name="cardTestWithProvidedValue" time="0.0"/>
  <testcase classname="Model.CardTest" name="cardTestWithProvidedValue" time="0.0"/>
  <testcase classname="Model.CardTest" name="cardTestWithProvidedValue" time="0.0"/>
  <testcase classname="Model.CardTest" name="cardTestWithProvidedValue" time="0.0"/>
  <testcase classname="Model.CardTest" name="cardTestWithProvidedValue" time="0.001"/>
  <testcase classname="Model.CardTest" name="cardTestWithProvidedValue" time="0.001"/>
  <testcase classname="Model.CardTest" name="cardTestWithProvidedValue" time="0.0"/>
  <testcase classname="Model.CardTest" name="cardTestWithProvidedValue" time="0.0"/>
  <testcase classname="Model.CardTest" name="cardTestWithProvidedValue" time="0.0"/>
  <testcase classname="Model.CardTest" name="cardTestWithProvidedValue" time="0.0"/>
  <testcase classname="Model.CardTest" name="cardTestWithProvidedValue" time="0.0"/>
  <testcase classname="Model.CardTest" name="cardTestWithProvidedValue" time="0.0"/>
  <testcase classname="Model.CardTest" name="cardTestWithProvidedValue" time="0.0"/>
  <testcase classname="Model.CardTest" name="cardTestWithProvidedValue" time="0.0"/>
  <testcase classname="Model.CardTest" name="cardTestWithProvidedValue" time="0.0"/>
  <testcase classname="Model.CardTest" name="cardTestWithProvidedValue" time="0.0"/>
  <testcase classname="Model.CardTest" name="cardTestWithProvidedValue" time="0.0"/>
  <testcase classname="Model.CardTest" name="cardTestWithProvidedValue" time="0.001"/>
  <testcase classname="Model.CardTest" name="cardTestWithProvidedValue" time="0.0"/>
  <testcase classname="Model.CardTest" name="cardTestWithProvidedValue" time="0.0"/>
  <testcase classname="Model.BankAccountWritableTest" name="accountNumberTest" time="0.0"/>
  <testcase classname="Model.BankAccountWritableTest" name="accountTypeTest" time="0.0"/>
  <testcase classname="Model.BankAccountWritableTest" name="descriptionTest" time="0.0"/>
  <testcase classname="Model.BankAccountWritableTest" name="metadataTest" time="0.0"/>
  <testcase classname="Model.BankAccountWritableTest" name="routingNumberTest" time="0.0"/>
  <testcase classname="Model.BankAccountWritableTest" name="signatoryTest" time="0.0"/>
  <testcase classname="Model.BankAccountWritableTest" name="testBankAccountWritable" time="0.0"/>
  <testcase classname="Model.TemplateVersionUpdatableTest" name="descriptionTest" time="0.0"/>
  <testcase classname="Model.TemplateVersionUpdatableTest" name="engineTest" time="0.0"/>
  <testcase classname="Model.TemplateVersionUpdatableTest" name="testTemplateVersionUpdatable" time="0.0"/>
  <testcase classname="Model.TemplateUpdateTest" name="descriptionTest" time="0.0"/>
  <testcase classname="Model.TemplateUpdateTest" name="publishedVersionTest" time="0.0"/>
  <testcase classname="Model.TemplateUpdateTest" name="testTemplateUpdate" time="0.0"/>
  <testcase classname="Model.DeliverabilityAnalysisTest" name="deliverabilityAnalysisTestWithProvidedValue" time="0.001"/>
  <testcase classname="Model.DeliverabilityAnalysisTest" name="deliverabilityAnalysisTestWithProvidedValue" time="0.0"/>
  <testcase classname="Model.DeliverabilityAnalysisTest" name="deliverabilityAnalysisTestWithProvidedValue" time="0.0"/>
  <testcase classname="Model.DeliverabilityAnalysisTest" name="deliverabilityAnalysisTestWithProvidedValue" time="0.0"/>
  <testcase classname="Model.DeliverabilityAnalysisTest" name="deliverabilityAnalysisTestWithProvidedValue" time="0.0"/>
  <testcase classname="Model.DeliverabilityAnalysisTest" name="deliverabilityAnalysisTestWithProvidedValue" time="0.0"/>
  <testcase classname="Model.DeliverabilityAnalysisTest" name="deliverabilityAnalysisTestWithProvidedValue" time="0.0"/>
  <testcase classname="Model.DeliverabilityAnalysisTest" name="deliverabilityAnalysisTestWithProvidedValue" time="0.001"/>
  <testcase classname="Model.DeliverabilityAnalysisTest" name="deliverabilityAnalysisTestWithProvidedValue" time="0.0"/>
  <testcase classname="Model.DeliverabilityAnalysisTest" name="deliverabilityAnalysisTestWithProvidedValue" time="0.0"/>
  <testcase classname="Model.DeliverabilityAnalysisTest" name="deliverabilityAnalysisTestWithProvidedValue" time="0.0"/>
  <testcase classname="Model.DeliverabilityAnalysisTest" name="deliverabilityAnalysisTestWithProvidedValue" time="0.0"/>
  <testcase classname="Model.DeliverabilityAnalysisTest" name="deliverabilityAnalysisTestWithProvidedValue" time="0.0"/>
  <testcase classname="Model.DeliverabilityAnalysisTest" name="deliverabilityAnalysisTestWithProvidedValue" time="0.0"/>
  <testcase classname="Model.DeliverabilityAnalysisTest" name="deliverabilityAnalysisTestWithProvidedValue" time="0.0"/>
  <testcase classname="Model.DeliverabilityAnalysisTest" name="deliverabilityAnalysisTestWithProvidedValue" time="0.0"/>
  <testcase classname="Model.DeliverabilityAnalysisTest" name="deliverabilityAnalysisTestWithProvidedValue" time="0.0"/>
  <testcase classname="Model.DeliverabilityAnalysisTest" name="deliverabilityAnalysisTestWithProvidedValue" time="0.001"/>
  <testcase classname="Model.DeliverabilityAnalysisTest" name="deliverabilityAnalysisTestWithProvidedValue" time="0.0"/>
  <testcase classname="Model.DeliverabilityAnalysisTest" name="deliverabilityAnalysisTestWithProvidedValue" time="0.0"/>
  <testcase classname="Model.DeliverabilityAnalysisTest" name="deliverabilityAnalysisTestWithProvidedValue" time="0.0"/>
  <testcase classname="Model.DeliverabilityAnalysisTest" name="deliverabilityAnalysisTestWithProvidedValue" time="0.0"/>
  <testcase classname="Model.DeliverabilityAnalysisTest" name="deliverabilityAnalysisTestWithProvidedValue" time="0.0"/>
  <testcase classname="Model.DeliverabilityAnalysisTest" name="deliverabilityAnalysisTestWithProvidedValue" time="0.001"/>
  <testcase classname="Model.DeliverabilityAnalysisTest" name="deliverabilityAnalysisTestWithProvidedValue" time="0.0"/>
  <testcase classname="Model.DeliverabilityAnalysisTest" name="deliverabilityAnalysisTestWithProvidedValue" time="0.0"/>
  <testcase classname="Model.DeliverabilityAnalysisTest" name="deliverabilityAnalysisTestWithProvidedValue" time="0.0"/>
  <testcase classname="Model.DeliverabilityAnalysisTest" name="deliverabilityAnalysisTestWithProvidedValue" time="0.0"/>
  <testcase classname="Model.DeliverabilityAnalysisTest" name="deliverabilityAnalysisTestWithProvidedValue" time="0.0"/>
  <testcase classname="Model.DeliverabilityAnalysisTest" name="deliverabilityAnalysisTestWithProvidedValue" time="0.0"/>
  <testcase classname="Model.DeliverabilityAnalysisTest" name="deliverabilityAnalysisTestWithProvidedValue" time="0.0"/>
  <testcase classname="Model.DeliverabilityAnalysisTest" name="deliverabilityAnalysisTestWithProvidedValue" time="0.0"/>
  <testcase classname="Model.DeliverabilityAnalysisTest" name="deliverabilityAnalysisTestWithProvidedValue" time="0.0"/>
  <testcase classname="Model.DeliverabilityAnalysisTest" name="deliverabilityAnalysisTestWithProvidedValue" time="0.0"/>
  <testcase classname="Model.DeliverabilityAnalysisTest" name="deliverabilityAnalysisTestWithProvidedValue" time="0.0"/>
  <testcase classname="Model.DeliverabilityAnalysisTest" name="deliverabilityAnalysisTestWithProvidedValue" time="0.0"/>
  <testcase classname="Model.DeliverabilityAnalysisTest" name="deliverabilityAnalysisTestWithProvidedValue" time="0.0"/>
  <testcase classname="Model.TemplateVersionWritableTest" name="descriptionTest" time="0.0"/>
  <testcase classname="Model.TemplateVersionWritableTest" name="engineTest" time="0.0"/>
  <testcase classname="Model.TemplateVersionWritableTest" name="htmlTest" time="0.0"/>
  <testcase classname="Model.TemplateVersionWritableTest" name="testTemplateVersionWritable" time="0.0"/>
  <testcase classname="Model.SelfMailerEditableTest" name="billingGroupIdTest" time="0.0"/>
  <testcase classname="Model.SelfMailerEditableTest" name="descriptionTest" time="0.001"/>
  <testcase classname="Model.SelfMailerEditableTest" name="fromTest" time="0.0"/>
  <testcase classname="Model.SelfMailerEditableTest" name="insideTest" time="0.0"/>
  <testcase classname="Model.SelfMailerEditableTest" name="mailTypeTest" time="0.0"/>
  <testcase classname="Model.SelfMailerEditableTest" name="mergeVariablesTest" time="0.0"/>
  <testcase classname="Model.SelfMailerEditableTest" name="metadataTest" time="0.0"/>
  <testcase classname="Model.SelfMailerEditableTest" name="outsideTest" time="0.0"/>
  <testcase classname="Model.SelfMailerEditableTest" name="sendDateTest" time="0.001"/>
  <testcase classname="Model.SelfMailerEditableTest" name="sizeTest" time="0.0"/>
  <testcase classname="Model.SelfMailerEditableTest" name="testSelfMailerEditable" time="0.0"/>
  <testcase classname="Model.SelfMailerEditableTest" name="toTest" time="0.0"/>
  <testcase classname="Model.TrackingEventDetailsTest" name="actionRequiredTest" time="0.001"/>
  <testcase classname="Model.TrackingEventDetailsTest" name="descriptionTest" time="0.0"/>
  <testcase classname="Model.TrackingEventDetailsTest" name="eventTest" time="0.0"/>
  <testcase classname="Model.TrackingEventDetailsTest" name="notesTest" time="0.0"/>
  <testcase classname="Model.TrackingEventDetailsTest" name="testTrackingEventDetails" time="0.0"/>
  <testcase classname="Model.LobConfidenceScoreTest" name="lobConfidenceScoreTestWithProvidedValue" time="0.001"/>
  <testcase classname="Model.LobConfidenceScoreTest" name="lobConfidenceScoreTestWithProvidedValue" time="0.0"/>
  <testcase classname="Model.LobConfidenceScoreTest" name="lobConfidenceScoreTestWithProvidedValue" time="0.0"/>
  <testcase classname="Model.LobConfidenceScoreTest" name="lobConfidenceScoreTestWithProvidedValue" time="0.0"/>
  <testcase classname="Model.LobConfidenceScoreTest" name="lobConfidenceScoreTestWithProvidedValue" time="0.0"/>
  <testcase classname="Model.SuggestionsTest" name="suggestionsTestWithProvidedValue" time="0.001"/>
  <testcase classname="Model.SuggestionsTest" name="suggestionsTestWithProvidedValue" time="0.0"/>
  <testcase classname="Model.SuggestionsTest" name="suggestionsTestWithProvidedValue" time="0.0"/>
  <testcase classname="Model.SuggestionsTest" name="suggestionsTestWithProvidedValue" time="0.0"/>
  <testcase classname="Model.SuggestionsTest" name="suggestionsTestWithProvidedValue" time="0.0"/>
  <testcase classname="Model.TrackingEventCertifiedTest" name="_objectTest" time="0.0"/>
  <testcase classname="Model.TrackingEventCertifiedTest" name="dateCreatedTest" time="0.0"/>
  <testcase classname="Model.TrackingEventCertifiedTest" name="dateModifiedTest" time="0.0"/>
  <testcase classname="Model.TrackingEventCertifiedTest" name="detailsTest" time="0.0"/>
  <testcase classname="Model.TrackingEventCertifiedTest" name="idTest" time="0.0"/>
  <testcase classname="Model.TrackingEventCertifiedTest" name="locationTest" time="0.0"/>
  <testcase classname="Model.TrackingEventCertifiedTest" name="nameTest" time="0.0"/>
  <testcase classname="Model.TrackingEventCertifiedTest" name="testTrackingEventCertified" time="0.0"/>
  <testcase classname="Model.TrackingEventCertifiedTest" name="timeTest" time="0.0"/>
  <testcase classname="Model.TrackingEventCertifiedTest" name="typeTest" time="0.0"/>
  <testcase classname="Model.SelfMailerTest" name="_objectTest" time="0.0"/>
  <testcase classname="Model.SelfMailerTest" name="descriptionTest" time="0.0"/>
  <testcase classname="Model.SelfMailerTest" name="fromTest" time="0.0"/>
  <testcase classname="Model.SelfMailerTest" name="idTest" time="0.0"/>
  <testcase classname="Model.SelfMailerTest" name="insideTemplateIdTest" time="0.0"/>
  <testcase classname="Model.SelfMailerTest" name="insideTemplateVersionIdTest" time="0.0"/>
  <testcase classname="Model.SelfMailerTest" name="mailTypeTest" time="0.0"/>
  <testcase classname="Model.SelfMailerTest" name="mergeVariablesTest" time="0.0"/>
  <testcase classname="Model.SelfMailerTest" name="metadataTest" time="0.0"/>
  <testcase classname="Model.SelfMailerTest" name="outsideTemplateIdTest" time="0.0"/>
  <testcase classname="Model.SelfMailerTest" name="outsideTemplateVersionIdTest" time="0.0"/>
  <testcase classname="Model.SelfMailerTest" name="sendDateTest" time="0.0"/>
  <testcase classname="Model.SelfMailerTest" name="sizeTest" time="0.0"/>
  <testcase classname="Model.SelfMailerTest" name="testSelfMailer" time="0.0"/>
  <testcase classname="Model.SelfMailerTest" name="toTest" time="0.0"/>
  <testcase classname="Model.SelfMailerTest" name="trackingEventsTest" time="0.0"/>
  <testcase classname="Model.SelfMailerTest" name="urlTest" time="0.0"/>
  <testcase classname="Model.SelfMailerDeletionTest" name="_objectTest" time="0.0"/>
  <testcase classname="Model.SelfMailerDeletionTest" name="deletedTest" time="0.0"/>
  <testcase classname="Model.SelfMailerDeletionTest" name="idTest" time="0.0"/>
  <testcase classname="Model.SelfMailerDeletionTest" name="testSelfMailerDeletion" time="0.0"/>
  <testcase classname="Model.TemplateVersionDeletionTest" name="_objectTest" time="0.0"/>
  <testcase classname="Model.TemplateVersionDeletionTest" name="deletedTest" time="0.0"/>
  <testcase classname="Model.TemplateVersionDeletionTest" name="idTest" time="0.0"/>
  <testcase classname="Model.TemplateVersionDeletionTest" name="testTemplateVersionDeletion" time="0.0"/>
  <testcase classname="Model.BankAccountDeletionTest" name="_objectTest" time="0.0"/>
  <testcase classname="Model.BankAccountDeletionTest" name="deletedTest" time="0.0"/>
  <testcase classname="Model.BankAccountDeletionTest" name="idTest" time="0.0"/>
  <testcase classname="Model.BankAccountDeletionTest" name="testBankAccountDeletion" time="0.0"/>
  <testcase classname="Model.AddressEditableTest" name="addressCityTest" time="0.0"/>
  <testcase classname="Model.AddressEditableTest" name="addressCountryTest" time="0.0"/>
  <testcase classname="Model.AddressEditableTest" name="addressLine1Test" time="0.0"/>
  <testcase classname="Model.AddressEditableTest" name="addressLine2Test" time="0.0"/>
  <testcase classname="Model.AddressEditableTest" name="addressStateTest" time="0.0"/>
  <testcase classname="Model.AddressEditableTest" name="addressZipTest" time="0.0"/>
  <testcase classname="Model.AddressEditableTest" name="companyTest" time="0.0"/>
  <testcase classname="Model.AddressEditableTest" name="descriptionTest" time="0.0"/>
  <testcase classname="Model.AddressEditableTest" name="emailTest" time="0.0"/>
  <testcase classname="Model.AddressEditableTest" name="metadataTest" time="0.0"/>
  <testcase classname="Model.AddressEditableTest" name="nameTest" time="0.0"/>
  <testcase classname="Model.AddressEditableTest" name="phoneTest" time="0.0"/>
  <testcase classname="Model.AddressEditableTest" name="testAddressEditable" time="0.0"/>
  <testcase classname="Model.UsVerificationOrErrorTest" name="usVerificationOrErrorTestCatchesException" time="0.001"/>
  <testcase classname="Model.UsVerificationOrErrorTest" name="usVerificationOrErrorTestWithProvidedValue" time="0.0"/>
  <testcase classname="Model.UsVerificationOrErrorTest" name="usVerificationOrErrorTestWithProvidedValue" time="0.001"/>
  <testcase classname="Model.UsVerificationOrErrorTest" name="usVerificationOrErrorTestWithProvidedValue" time="0.0"/>
  <testcase classname="Model.UsVerificationOrErrorTest" name="usVerificationOrErrorTestWithProvidedValue" time="0.0"/>
  <testcase classname="Model.UsVerificationOrErrorTest" name="usVerificationOrErrorTestWithProvidedValue" time="0.0"/>
  <testcase classname="Model.UsVerificationOrErrorTest" name="usVerificationOrErrorTestWithProvidedValue" time="0.0"/>
  <testcase classname="Model.UsVerificationOrErrorTest" name="usVerificationOrErrorTestWithProvidedValue" time="0.0"/>
  <testcase classname="Model.UsVerificationOrErrorTest" name="usVerificationOrErrorTestWithProvidedValue" time="0.0"/>
  <testcase classname="Model.UsVerificationOrErrorTest" name="usVerificationOrErrorTestWithProvidedValue" time="0.0"/>
  <testcase classname="Model.UsVerificationOrErrorTest" name="usVerificationOrErrorTestWithProvidedValue" time="0.0"/>
  <testcase classname="Model.UsVerificationOrErrorTest" name="usVerificationOrErrorTestWithProvidedValue" time="0.0"/>
  <testcase classname="Model.UsVerificationOrErrorTest" name="usVerificationOrErrorTestWithProvidedValue" time="0.0"/>
  <testcase classname="Model.UsVerificationOrErrorTest" name="usVerificationOrErrorTestWithProvidedValue" time="0.0"/>
  <testcase classname="Model.UsVerificationOrErrorTest" name="usVerificationOrErrorTestWithProvidedValue" time="0.0"/>
  <testcase classname="Model.UsVerificationOrErrorTest" name="usVerificationOrErrorTestWithProvidedValue" time="0.0"/>
  <testcase classname="Model.UsVerificationOrErrorTest" name="usVerificationOrErrorTestWithProvidedValue" time="0.0"/>
  <testcase classname="Model.UsVerificationOrErrorTest" name="usVerificationOrErrorTestWithProvidedValue" time="0.0"/>
  <testcase classname="Model.UsVerificationOrErrorTest" name="usVerificationOrErrorTestWithProvidedValue" time="0.0"/>
  <testcase classname="Model.TemplateTest" name="_objectTest" time="0.0"/>
  <testcase classname="Model.TemplateTest" name="dateCreatedTest" time="0.0"/>
  <testcase classname="Model.TemplateTest" name="dateModifiedTest" time="0.0"/>
  <testcase classname="Model.TemplateTest" name="deletedTest" time="0.001"/>
  <testcase classname="Model.TemplateTest" name="descriptionTest" time="0.0"/>
  <testcase classname="Model.TemplateTest" name="idTest" time="0.0"/>
  <testcase classname="Model.TemplateTest" name="metadataTest" time="0.0"/>
  <testcase classname="Model.TemplateTest" name="publishedVersionTest" time="0.0"/>
  <testcase classname="Model.TemplateTest" name="testTemplate" time="0.0"/>
  <testcase classname="Model.TemplateTest" name="versionsTest" time="0.0"/>
  <testcase classname="Model.ReverseGeocodeTest" name="_objectTest" time="0.0"/>
  <testcase classname="Model.ReverseGeocodeTest" name="addressesTest" time="0.0"/>
  <testcase classname="Model.ReverseGeocodeTest" name="idTest" time="0.0"/>
  <testcase classname="Model.ReverseGeocodeTest" name="testReverseGeocode" time="0.0"/>
  <testcase classname="Model.CardListTest" name="cardListNextPageTokenGetterTest" time="0.001"/>
  <testcase classname="Model.CardListTest" name="cardListNextPageTokenGetterTestMisingVal" time="0.001"/>
  <testcase classname="Model.CardListTest" name="cardListPrevPageTokenGetterTestMisingVal" time="0.0"/>
  <testcase classname="Model.CardListTest" name="cardListTestWithProvidedValue" time="0.0"/>
  <testcase classname="Model.CardListTest" name="cardListTestWithProvidedValue" time="0.0"/>
  <testcase classname="Model.CardListTest" name="cardListTestWithProvidedValue" time="0.0"/>
  <testcase classname="Model.CardListTest" name="cardListTestWithProvidedValue" time="0.0"/>
  <testcase classname="Model.CardListTest" name="cardListTestWithProvidedValue" time="0.0"/>
  <testcase classname="Model.CardListTest" name="cardListTestWithProvidedValue" time="0.001"/>
  <testcase classname="Model.CardListTest" name="checkListPrevPageTokenGetterTest" time="0.0"/>
  <testcase classname="Model.EventTypeTest" name="_objectTest" time="0.0"/>
  <testcase classname="Model.EventTypeTest" name="enabledForTestTest" time="0.0"/>
  <testcase classname="Model.EventTypeTest" name="idTest" time="0.0"/>
  <testcase classname="Model.EventTypeTest" name="resourceTest" time="0.0"/>
  <testcase classname="Model.EventTypeTest" name="testEventType" time="0.0"/>
  <testcase classname="Model.UsVerificationTest" name="usVerificationTestCatchesException" time="0.002"/>
  <testcase classname="Model.UsVerificationTest" name="usVerificationTestWithProvidedValue" time="0.001"/>
  <testcase classname="Model.UsVerificationTest" name="usVerificationTestWithProvidedValue" time="0.0"/>
  <testcase classname="Model.UsVerificationTest" name="usVerificationTestWithProvidedValue" time="0.0"/>
  <testcase classname="Model.UsVerificationTest" name="usVerificationTestWithProvidedValue" time="0.0"/>
  <testcase classname="Model.UsVerificationTest" name="usVerificationTestWithProvidedValue" time="0.0"/>
  <testcase classname="Model.UsVerificationTest" name="usVerificationTestWithProvidedValue" time="0.0"/>
  <testcase classname="Model.UsVerificationTest" name="usVerificationTestWithProvidedValue" time="0.0"/>
  <testcase classname="Model.UsVerificationTest" name="usVerificationTestWithProvidedValue" time="0.0"/>
  <testcase classname="Model.UsVerificationTest" name="usVerificationTestWithProvidedValue" time="0.0"/>
  <testcase classname="Model.UsVerificationTest" name="usVerificationTestWithProvidedValue" time="0.0"/>
  <testcase classname="Model.UsVerificationTest" name="usVerificationTestWithProvidedValue" time="0.0"/>
  <testcase classname="Model.UsVerificationTest" name="usVerificationTestWithProvidedValue" time="0.001"/>
  <testcase classname="Model.UsVerificationTest" name="usVerificationTestWithProvidedValue" time="0.0"/>
  <testcase classname="Model.UsVerificationTest" name="usVerificationTestWithProvidedValue" time="0.0"/>
  <testcase classname="Model.UsVerificationTest" name="usVerificationTestWithProvidedValue" time="0.0"/>
  <testcase classname="Model.UsVerificationTest" name="usVerificationTestWithValueId" time="0.0"/>
  <testcase classname="Model.CountryExtendedExpandedTest" name="testCountryExtendedExpanded" time="0.0"/>
  <testcase classname="Model.UsVerificationsWritableTest" name="usVerificationsWritableTestCatchesException" time="0.0"/>
  <testcase classname="Model.UsVerificationsWritableTest" name="usVerificationsWritableTestWithProvidedValue" time="0.0"/>
  <testcase classname="Model.UsVerificationsWritableTest" name="usVerificationsWritableTestWithProvidedValue" time="0.0"/>
  <testcase classname="Model.UsVerificationsWritableTest" name="usVerificationsWritableTestWithProvidedValue" time="0.0"/>
  <testcase classname="Model.UsVerificationsWritableTest" name="usVerificationsWritableTestWithProvidedValue" time="0.0"/>
  <testcase classname="Model.UsVerificationsWritableTest" name="usVerificationsWritableTestWithProvidedValue" time="0.0"/>
  <testcase classname="Model.UsVerificationsWritableTest" name="usVerificationsWritableTestWithProvidedValue" time="0.0"/>
  <testcase classname="Model.UsVerificationsWritableTest" name="usVerificationsWritableTestWithProvidedValue" time="0.0"/>
  <testcase classname="Model.UsVerificationsWritableTest" name="usVerificationsWritableTestWithProvidedValue" time="0.0"/>
  <testcase classname="Model.PostcardEditableTest" name="backTest" time="0.0"/>
  <testcase classname="Model.PostcardEditableTest" name="billingGroupIdTest" time="0.0"/>
  <testcase classname="Model.PostcardEditableTest" name="descriptionTest" time="0.0"/>
  <testcase classname="Model.PostcardEditableTest" name="fromTest" time="0.0"/>
  <testcase classname="Model.PostcardEditableTest" name="frontTest" time="0.0"/>
  <testcase classname="Model.PostcardEditableTest" name="mailTypeTest" time="0.0"/>
  <testcase classname="Model.PostcardEditableTest" name="mergeVariablesTest" time="0.0"/>
  <testcase classname="Model.PostcardEditableTest" name="metadataTest" time="0.0"/>
  <testcase classname="Model.PostcardEditableTest" name="sendDateTest" time="0.0"/>
  <testcase classname="Model.PostcardEditableTest" name="sizeTest" time="0.0"/>
  <testcase classname="Model.PostcardEditableTest" name="testPostcardEditable" time="0.0"/>
  <testcase classname="Model.PostcardEditableTest" name="toTest" time="0.0"/>
  <testcase classname="Model.TemplateDeletionTest" name="_objectTest" time="0.001"/>
  <testcase classname="Model.TemplateDeletionTest" name="deletedTest" time="0.0"/>
  <testcase classname="Model.TemplateDeletionTest" name="idTest" time="0.0"/>
  <testcase classname="Model.TemplateDeletionTest" name="testTemplateDeletion" time="0.0"/>
  <testcase classname="Model.TemplateVersionListTest" name="_objectTest" time="0.0"/>
  <testcase classname="Model.TemplateVersionListTest" name="countTest" time="0.0"/>
  <testcase classname="Model.TemplateVersionListTest" name="dataTest" time="0.0"/>
  <testcase classname="Model.TemplateVersionListTest" name="nextUrlTest" time="0.001"/>
  <testcase classname="Model.TemplateVersionListTest" name="previousUrlTest" time="0.0"/>
  <testcase classname="Model.TemplateVersionListTest" name="testTemplateVersionList" time="0.0"/>
  <testcase classname="Model.TemplateVersionListTest" name="totalCountTest" time="0.0"/>
  <testcase classname="Model.ZipEditableTest" name="testZipEditable" time="0.0"/>
  <testcase classname="Model.ZipEditableTest" name="zipCodeTest" time="0.001"/>
  <testcase classname="Model.SortBy1Test" name="dateCreatedTest" time="0.0"/>
  <testcase classname="Model.SortBy1Test" name="sendDateTest" time="0.0"/>
  <testcase classname="Model.SortBy1Test" name="testSortBy1" time="0.0"/>
  <testcase classname="Model.UsComponentsTest" name="usComponentsTestCatchesInvalidCountyFips" time="0.0"/>
  <testcase classname="Model.UsComponentsTest" name="usComponentsTestCatchesInvalidZipCode" time="0.0"/>
  <testcase classname="Model.UsComponentsTest" name="usComponentsTestCatchesInvalidZipCodePlus4" time="0.0"/>
  <testcase classname="Model.UsComponentsTest" name="usComponentsTestWithProvidedValue" time="0.0"/>
  <testcase classname="Model.UsComponentsTest" name="usComponentsTestWithProvidedValue" time="0.0"/>
  <testcase classname="Model.UsComponentsTest" name="usComponentsTestWithProvidedValue" time="0.0"/>
  <testcase classname="Model.UsComponentsTest" name="usComponentsTestWithProvidedValue" time="0.0"/>
  <testcase classname="Model.UsComponentsTest" name="usComponentsTestWithProvidedValue" time="0.0"/>
  <testcase classname="Model.UsComponentsTest" name="usComponentsTestWithProvidedValue" time="0.0"/>
  <testcase classname="Model.UsComponentsTest" name="usComponentsTestWithProvidedValue" time="0.0"/>
  <testcase classname="Model.UsComponentsTest" name="usComponentsTestWithProvidedValue" time="0.0"/>
  <testcase classname="Model.UsComponentsTest" name="usComponentsTestWithProvidedValue" time="0.0"/>
  <testcase classname="Model.UsComponentsTest" name="usComponentsTestWithProvidedValue" time="0.0"/>
  <testcase classname="Model.UsComponentsTest" name="usComponentsTestWithProvidedValue" time="0.0"/>
  <testcase classname="Model.UsComponentsTest" name="usComponentsTestWithProvidedValue" time="0.0"/>
  <testcase classname="Model.UsComponentsTest" name="usComponentsTestWithProvidedValue" time="0.0"/>
  <testcase classname="Model.UsComponentsTest" name="usComponentsTestWithProvidedValue" time="0.0"/>
  <testcase classname="Model.UsComponentsTest" name="usComponentsTestWithProvidedValue" time="0.0"/>
  <testcase classname="Model.UsComponentsTest" name="usComponentsTestWithProvidedValue" time="0.001"/>
  <testcase classname="Model.UsComponentsTest" name="usComponentsTestWithProvidedValue" time="0.0"/>
  <testcase classname="Model.UsComponentsTest" name="usComponentsTestWithProvidedValue" time="0.0"/>
  <testcase classname="Model.UsComponentsTest" name="usComponentsTestWithProvidedValue" time="0.0"/>
  <testcase classname="Model.UsComponentsTest" name="usComponentsTestWithProvidedValue" time="0.0"/>
  <testcase classname="Model.UsComponentsTest" name="usComponentsTestWithProvidedValue" time="0.0"/>
  <testcase classname="Model.UsComponentsTest" name="usComponentsTestWithProvidedValue" time="0.0"/>
  <testcase classname="Model.UsComponentsTest" name="usComponentsTestWithProvidedValue" time="0.0"/>
  <testcase classname="Model.UsComponentsTest" name="usComponentsTestWithProvidedValue" time="0.0"/>
  <testcase classname="Model.UsComponentsTest" name="usComponentsTestWithProvidedValue" time="0.0"/>
  <testcase classname="Model.UsComponentsTest" name="usComponentsTestWithProvidedValue" time="0.0"/>
  <testcase classname="Model.UsComponentsTest" name="usComponentsTestWithProvidedValue" time="0.0"/>
  <testcase classname="Model.UsComponentsTest" name="usComponentsTestWithProvidedValue" time="0.0"/>
  <testcase classname="Model.UsComponentsTest" name="usComponentsTestWithProvidedValue" time="0.0"/>
  <testcase classname="Model.UsComponentsTest" name="usComponentsTestWithProvidedValue" time="0.0"/>
  <testcase classname="Model.UsComponentsTest" name="usComponentsTestWithProvidedValue" time="0.0"/>
  <testcase classname="Model.UsComponentsTest" name="usComponentsTestWithProvidedValue" time="0.0"/>
  <testcase classname="Model.UsComponentsTest" name="usComponentsTestWithProvidedValue" time="0.0"/>
  <testcase classname="Model.UsComponentsTest" name="usComponentsTestWithProvidedValue" time="0.0"/>
  <testcase classname="Model.UsComponentsTest" name="usComponentsTestWithProvidedValue" time="0.0"/>
  <testcase classname="Model.UsComponentsTest" name="usComponentsTestWithProvidedValue" time="0.0"/>
  <testcase classname="Model.UsComponentsTest" name="usComponentsTestWithProvidedValue" time="0.0"/>
  <testcase classname="Model.UsComponentsTest" name="usComponentsTestWithProvidedValue" time="0.0"/>
  <testcase classname="Model.UsComponentsTest" name="usComponentsTestWithProvidedValue" time="0.0"/>
  <testcase classname="Model.UsComponentsTest" name="usComponentsTestWithProvidedValue" time="0.0"/>
  <testcase classname="Model.UsComponentsTest" name="usComponentsTestWithProvidedValue" time="0.0"/>
  <testcase classname="Model.UsComponentsTest" name="usComponentsTestWithProvidedValue" time="0.0"/>
  <testcase classname="Model.UsComponentsTest" name="usComponentsTestWithProvidedValue" time="0.0"/>
  <testcase classname="Model.UsComponentsTest" name="usComponentsTestWithProvidedValue" time="0.0"/>
  <testcase classname="Model.UsComponentsTest" name="usComponentsTestWithProvidedValue" time="0.0"/>
  <testcase classname="Model.UsComponentsTest" name="usComponentsTestWithProvidedValue" time="0.0"/>
  <testcase classname="Model.UsComponentsTest" name="usComponentsTestWithProvidedValue" time="0.0"/>
  <testcase classname="Model.UsComponentsTest" name="usComponentsTestWithProvidedValue" time="0.0"/>
  <testcase classname="Model.UsComponentsTest" name="usComponentsTestWithProvidedValue" time="0.0"/>
  <testcase classname="Model.UsComponentsTest" name="usComponentsTestWithProvidedValue" time="0.0"/>
  <testcase classname="Model.UsComponentsTest" name="usComponentsTestWithProvidedValue" time="0.0"/>
  <testcase classname="Model.UsComponentsTest" name="usComponentsTestWithProvidedValue" time="0.0"/>
  <testcase classname="Model.UsComponentsTest" name="usComponentsTestWithProvidedValue" time="0.001"/>
  <testcase classname="Model.UsComponentsTest" name="usComponentsTestWithProvidedValue" time="0.0"/>
  <testcase classname="Model.UsComponentsTest" name="usComponentsTestWithProvidedValue" time="0.0"/>
  <testcase classname="Model.UsComponentsTest" name="usComponentsTestWithProvidedValue" time="0.0"/>
  <testcase classname="Model.UsComponentsTest" name="usComponentsTestWithProvidedValue" time="0.0"/>
  <testcase classname="Model.UsComponentsTest" name="usComponentsTestWithProvidedValue" time="0.0"/>
  <testcase classname="Model.UsComponentsTest" name="usComponentsTestWithProvidedValue" time="0.0"/>
  <testcase classname="Model.UsComponentsTest" name="usComponentsTestWithProvidedValue" time="0.0"/>
  <testcase classname="Model.UsComponentsTest" name="usComponentsTestWithProvidedValue" time="0.0"/>
  <testcase classname="Model.UsComponentsTest" name="usComponentsTestWithValidZipCodePlus4" time="0.0"/>
  <testcase classname="Model.CheckListTest" name="checkListNextPageTokenGetterTest" time="0.002"/>
  <testcase classname="Model.CheckListTest" name="checkListPrevPageTokenGetterTest" time="0.0"/>
  <testcase classname="Model.CheckListTest" name="checkListTestWithProvidedValue" time="0.0"/>
  <testcase classname="Model.CheckListTest" name="checkListTestWithProvidedValue" time="0.0"/>
  <testcase classname="Model.CheckListTest" name="checkListTestWithProvidedValue" time="0.0"/>
  <testcase classname="Model.CheckListTest" name="checkListTestWithProvidedValue" time="0.0"/>
  <testcase classname="Model.CheckListTest" name="checkListTestWithProvidedValue" time="0.0"/>
  <testcase classname="Model.CheckListTest" name="checkListTestWithProvidedValue" time="0.0"/>
  <testcase classname="Model.SortByTest" name="dateCreatedTest" time="0.0"/>
  <testcase classname="Model.SortByTest" name="sendDateTest" time="0.0"/>
  <testcase classname="Model.SortByTest" name="testSortBy" time="0.0"/>
  <testcase classname="Model.CardOrderEditableTest" name="cardOrderEditableTestWithProvidedValue" time="0.001"/>
  <testcase classname="Model.IntlVerificationOrErrorTest" name="intlVerificationOrErrorTestCatchesException" time="0.002"/>
  <testcase classname="Model.IntlVerificationOrErrorTest" name="intlVerificationOrErrorTestWithProvidedValue" time="0.0"/>
  <testcase classname="Model.IntlVerificationOrErrorTest" name="intlVerificationOrErrorTestWithProvidedValue" time="0.0"/>
  <testcase classname="Model.IntlVerificationOrErrorTest" name="intlVerificationOrErrorTestWithProvidedValue" time="0.0"/>
  <testcase classname="Model.IntlVerificationOrErrorTest" name="intlVerificationOrErrorTestWithProvidedValue" time="0.0"/>
  <testcase classname="Model.IntlVerificationOrErrorTest" name="intlVerificationOrErrorTestWithProvidedValue" time="0.0"/>
  <testcase classname="Model.IntlVerificationOrErrorTest" name="intlVerificationOrErrorTestWithProvidedValue" time="0.0"/>
  <testcase classname="Model.IntlVerificationOrErrorTest" name="intlVerificationOrErrorTestWithProvidedValue" time="0.0"/>
  <testcase classname="Model.IntlVerificationOrErrorTest" name="intlVerificationOrErrorTestWithProvidedValue" time="0.0"/>
  <testcase classname="Model.IntlVerificationOrErrorTest" name="intlVerificationOrErrorTestWithProvidedValue" time="0.0"/>
  <testcase classname="Model.IntlVerificationOrErrorTest" name="intlVerificationOrErrorTestWithProvidedValue" time="0.0"/>
  <testcase classname="Model.IntlVerificationOrErrorTest" name="intlVerificationOrErrorTestWithProvidedValue" time="0.0"/>
  <testcase classname="Model.IntlVerificationOrErrorTest" name="intlVerificationOrErrorTestWithProvidedValue" time="0.0"/>
  <testcase classname="Model.IntlVerificationOrErrorTest" name="intlVerificationOrErrorTestWithProvidedValue" time="0.0"/>
  <testcase classname="Model.IntlVerificationOrErrorTest" name="intlVerificationOrErrorTestWithProvidedValue" time="0.0"/>
  <testcase classname="Model.IntlVerificationOrErrorTest" name="intlVerificationOrErrorTestWithProvidedValue" time="0.0"/>
  <testcase classname="Model.IntlVerificationOrErrorTest" name="intlVerificationOrErrorTestWithProvidedValue" time="0.0"/>
  <testcase classname="Model.IntlVerificationOrErrorTest" name="intlVerificationOrErrorTestWithProvidedValue" time="0.0"/>
  <testcase classname="Model.IntlVerificationOrErrorTest" name="intlVerificationOrErrorTestWithProvidedValue" time="0.0"/>
  <testcase classname="Model.IntlVerificationOrErrorTest" name="intlVerificationOrErrorTestWithProvidedValue" time="0.0"/>
  <testcase classname="Model.IntlVerificationOrErrorTest" name="intlVerificationOrErrorTestWithProvidedValue" time="0.0"/>
  <testcase classname="Model.IntlVerificationOrErrorTest" name="intlVerificationOrErrorTestWithProvidedValue" time="0.0"/>
  <testcase classname="Model.IntlVerificationOrErrorTest" name="intlVerificationOrErrorTestWithProvidedValue" time="0.0"/>
  <testcase classname="Model.IntlVerificationOrErrorTest" name="intlVerificationOrErrorTestWithProvidedValue" time="0.0"/>
  <testcase classname="Model.IntlVerificationOrErrorTest" name="intlVerificationOrErrorTestWithProvidedValue" time="0.0"/>
  <testcase classname="Model.IntlVerificationOrErrorTest" name="intlVerificationOrErrorTestWithProvidedValue" time="0.0"/>
  <testcase classname="Model.IntlVerificationOrErrorTest" name="intlVerificationOrErrorTestWithProvidedValue" time="0.0"/>
  <testcase classname="Model.IntlVerificationOrErrorTest" name="intlVerificationOrErrorTestWithProvidedValue" time="0.0"/>
  <testcase classname="Model.IntlVerificationOrErrorTest" name="intlVerificationOrErrorTestWithProvidedValue" time="0.0"/>
  <testcase classname="Model.TrackingEventNormalTest" name="_objectTest" time="0.0"/>
  <testcase classname="Model.TrackingEventNormalTest" name="dateCreatedTest" time="0.0"/>
  <testcase classname="Model.TrackingEventNormalTest" name="dateModifiedTest" time="0.0"/>
  <testcase classname="Model.TrackingEventNormalTest" name="detailsTest" time="0.0"/>
  <testcase classname="Model.TrackingEventNormalTest" name="idTest" time="0.0"/>
  <testcase classname="Model.TrackingEventNormalTest" name="locationTest" time="0.0"/>
  <testcase classname="Model.TrackingEventNormalTest" name="nameTest" time="0.0"/>
  <testcase classname="Model.TrackingEventNormalTest" name="testTrackingEventNormal" time="0.0"/>
  <testcase classname="Model.TrackingEventNormalTest" name="timeTest" time="0.0"/>
  <testcase classname="Model.TrackingEventNormalTest" name="typeTest" time="0.0"/>
  <testcase classname="Model.PostcardDeletionTest" name="_objectTest" time="0.0"/>
  <testcase classname="Model.PostcardDeletionTest" name="deletedTest" time="0.0"/>
  <testcase classname="Model.PostcardDeletionTest" name="idTest" time="0.0"/>
  <testcase classname="Model.PostcardDeletionTest" name="testPostcardDeletion" time="0.0"/>
  <testcase classname="Model.TemplateWritableTest" name="descriptionTest" time="0.0"/>
  <testcase classname="Model.TemplateWritableTest" name="engineTest" time="0.0"/>
  <testcase classname="Model.TemplateWritableTest" name="htmlTest" time="0.0"/>
  <testcase classname="Model.TemplateWritableTest" name="metadataTest" time="0.0"/>
  <testcase classname="Model.TemplateWritableTest" name="testTemplateWritable" time="0.0"/>
  <testcase classname="Model.MailTypeTest" name="testMailType" time="0.0"/>
  <testcase classname="Model.PostcardTest" name="_objectTest" time="0.0"/>
  <testcase classname="Model.PostcardTest" name="backTemplateIdTest" time="0.0"/>
  <testcase classname="Model.PostcardTest" name="backTemplateVersionIdTest" time="0.0"/>
  <testcase classname="Model.PostcardTest" name="carrierTest" time="0.0"/>
  <testcase classname="Model.PostcardTest" name="dateCreatedTest" time="0.0"/>
  <testcase classname="Model.PostcardTest" name="dateModifiedTest" time="0.001"/>
  <testcase classname="Model.PostcardTest" name="deletedTest" time="0.0"/>
  <testcase classname="Model.PostcardTest" name="descriptionTest" time="0.0"/>
  <testcase classname="Model.PostcardTest" name="expectedDeliveryDateTest" time="0.0"/>
  <testcase classname="Model.PostcardTest" name="fromTest" time="0.0"/>
  <testcase classname="Model.PostcardTest" name="frontTemplateIdTest" time="0.0"/>
  <testcase classname="Model.PostcardTest" name="frontTemplateVersionIdTest" time="0.0"/>
  <testcase classname="Model.PostcardTest" name="idTest" time="0.0"/>
  <testcase classname="Model.PostcardTest" name="mailTypeTest" time="0.0"/>
  <testcase classname="Model.PostcardTest" name="mergeVariablesTest" time="0.0"/>
  <testcase classname="Model.PostcardTest" name="metadataTest" time="0.0"/>
  <testcase classname="Model.PostcardTest" name="sendDateTest" time="0.0"/>
  <testcase classname="Model.PostcardTest" name="sizeTest" time="0.0"/>
  <testcase classname="Model.PostcardTest" name="testPostcard" time="0.0"/>
  <testcase classname="Model.PostcardTest" name="thumbnailsTest" time="0.0"/>
  <testcase classname="Model.PostcardTest" name="toTest" time="0.0"/>
  <testcase classname="Model.PostcardTest" name="trackingEventsTest" time="0.0"/>
  <testcase classname="Model.PostcardTest" name="urlTest" time="0.0"/>
  <testcase classname="Model.GeocodeAddressesTest" name="componentsTest" time="0.0"/>
  <testcase classname="Model.GeocodeAddressesTest" name="locationAnalysisTest" time="0.001"/>
  <testcase classname="Model.GeocodeAddressesTest" name="testGeocodeAddresses" time="0.0"/>
  <testcase classname="Model.AddressListTest" name="_objectTest" time="0.0"/>
  <testcase classname="Model.AddressListTest" name="countTest" time="0.0"/>
  <testcase classname="Model.AddressListTest" name="dataTest" time="0.0"/>
  <testcase classname="Model.AddressListTest" name="nextUrlTest" time="0.0"/>
  <testcase classname="Model.AddressListTest" name="previousUrlTest" time="0.0"/>
  <testcase classname="Model.AddressListTest" name="testAddressList" time="0.0"/>
  <testcase classname="Model.AddressListTest" name="totalCountTest" time="0.0"/>
  <testcase classname="Model.LobErrorTest" name="codeTest" time="0.0"/>
  <testcase classname="Model.LobErrorTest" name="messageTest" time="0.0"/>
  <testcase classname="Model.LobErrorTest" name="statusCodeTest" time="0.0"/>
  <testcase classname="Model.LobErrorTest" name="testLobError" time="0.0"/>
  <testcase classname="Model.MultipleComponentsListTest" name="multipleComponentsTestWithProvidedValue" time="0.001"/>
  <testcase classname="Model.LetterDeletionTest" name="letterDeleteTestInvalidId" time="0.001"/>
  <testcase classname="Model.LetterDeletionTest" name="letterDeleteTestWithProvidedValue" time="0.0"/>
  <testcase classname="Model.LetterDeletionTest" name="letterDeleteTestWithProvidedValue" time="0.0"/>
  <testcase classname="Model.LetterDeletionTest" name="letterDeleteTestWithProvidedValue" time="0.0"/>
  <testcase classname="Model.LetterDeletionTest" name="letterDeleteTestWithProvidedValue" time="0.0"/>
  <testcase classname="Model.CardUpdatableTest" name="cardUpdatableTestWithProvidedValue" time="0.001"/>
  <testcase classname="Model.CardUpdatableTest" name="cardUpdatableTestWithProvidedValue" time="0.0"/>
  <testcase classname="Model.CardUpdatableTest" name="cardUpdatableTestWithProvidedValue" time="0.0"/>
  <testcase classname="Model.CardUpdatableTest" name="cardUpdatableTestWithProvidedValue" time="0.0"/>
  <testcase classname="Model.CheckEditableTest" name="checkEditableTestWithProvidedValue" time="0.001"/>
  <testcase classname="Model.CheckEditableTest" name="checkEditableTestWithProvidedValue" time="0.0"/>
  <testcase classname="Model.CheckEditableTest" name="checkEditableTestWithProvidedValue" time="0.0"/>
  <testcase classname="Model.CheckEditableTest" name="checkEditableTestWithProvidedValue" time="0.0"/>
  <testcase classname="Model.CheckEditableTest" name="checkEditableTestWithProvidedValue" time="0.0"/>
  <testcase classname="Model.CheckEditableTest" name="checkEditableTestWithProvidedValue" time="0.0"/>
  <testcase classname="Model.CheckEditableTest" name="checkEditableTestWithProvidedValue" time="0.0"/>
  <testcase classname="Model.CheckEditableTest" name="checkEditableTestWithProvidedValue" time="0.0"/>
  <testcase classname="Model.CheckEditableTest" name="checkEditableTestWithProvidedValue" time="0.0"/>
  <testcase classname="Model.CheckEditableTest" name="checkEditableTestWithProvidedValue" time="0.0"/>
  <testcase classname="Model.CheckEditableTest" name="checkEditableTestWithProvidedValue" time="0.0"/>
  <testcase classname="Model.CheckEditableTest" name="checkEditableTestWithProvidedValue" time="0.0"/>
  <testcase classname="Model.CheckEditableTest" name="checkEditableTestWithProvidedValue" time="0.0"/>
  <testcase classname="Model.CheckEditableTest" name="checkEditableTestWithProvidedValue" time="0.0"/>
  <testcase classname="Model.CheckEditableTest" name="checkEditableTestWithProvidedValue" time="0.0"/>
  <testcase classname="Model.PostcardSizeTest" name="testPostcardSize" time="0.0"/>
  <testcase classname="Model.AddressTest" name="_objectTest" time="0.0"/>
  <testcase classname="Model.AddressTest" name="addressCityTest" time="0.0"/>
  <testcase classname="Model.AddressTest" name="addressCountryTest" time="0.0"/>
  <testcase classname="Model.AddressTest" name="addressLine1Test" time="0.0"/>
  <testcase classname="Model.AddressTest" name="addressLine2Test" time="0.0"/>
  <testcase classname="Model.AddressTest" name="addressStateTest" time="0.0"/>
  <testcase classname="Model.AddressTest" name="addressZipTest" time="0.0"/>
  <testcase classname="Model.AddressTest" name="companyTest" time="0.0"/>
  <testcase classname="Model.AddressTest" name="dateCreatedTest" time="0.0"/>
  <testcase classname="Model.AddressTest" name="dateModifiedTest" time="0.0"/>
  <testcase classname="Model.AddressTest" name="deletedTest" time="0.0"/>
  <testcase classname="Model.AddressTest" name="descriptionTest" time="0.0"/>
  <testcase classname="Model.AddressTest" name="emailTest" time="0.0"/>
  <testcase classname="Model.AddressTest" name="idTest" time="0.0"/>
  <testcase classname="Model.AddressTest" name="metadataTest" time="0.0"/>
  <testcase classname="Model.AddressTest" name="nameTest" time="0.0"/>
  <testcase classname="Model.AddressTest" name="notDeletedTest" time="0.0"/>
  <testcase classname="Model.AddressTest" name="phoneTest" time="0.0"/>
  <testcase classname="Model.AddressTest" name="recipientMovedFalseTest" time="0.0"/>
  <testcase classname="Model.AddressTest" name="recipientMovedTest" time="0.0"/>
  <testcase classname="Model.AddressTest" name="testAddress" time="0.0"/>
  <testcase classname="Model.CardOrderTest" name="cardOrderTestCatchesInvalidCardId" time="0.001"/>
  <testcase classname="Model.CardOrderTest" name="cardOrderTestCatchesInvalidId" time="0.0"/>
  <testcase classname="Model.CardOrderTest" name="cardOrderTestWithProvidedValue" time="0.0"/>
  <testcase classname="Model.CardOrderTest" name="cardOrderTestWithProvidedValue" time="0.0"/>
  <testcase classname="Model.CardOrderTest" name="cardOrderTestWithProvidedValue" time="0.0"/>
  <testcase classname="Model.CardOrderTest" name="cardOrderTestWithProvidedValue" time="0.0"/>
  <testcase classname="Model.CardOrderTest" name="cardOrderTestWithProvidedValue" time="0.0"/>
  <testcase classname="Model.CardOrderTest" name="cardOrderTestWithProvidedValue" time="0.0"/>
  <testcase classname="Model.CardOrderTest" name="cardOrderTestWithProvidedValue" time="0.0"/>
  <testcase classname="Model.CardOrderTest" name="cardOrderTestWithProvidedValue" time="0.0"/>
  <testcase classname="Model.CardOrderTest" name="cardOrderTestWithProvidedValue" time="0.0"/>
  <testcase classname="Model.CardOrderTest" name="cardOrderTestWithProvidedValue" time="0.0"/>
  <testcase classname="Model.CardOrderTest" name="cardOrderTestWithProvidedValue" time="0.0"/>
  <testcase classname="Model.CardOrderTest" name="cardOrderTestWithProvidedValue" time="0.0"/>
  <testcase classname="Model.CardOrderTest" name="cardOrderTestWithProvidedValue" time="0.0"/>
  <testcase classname="Model.CardOrderTest" name="cardOrderTestWithProvidedValue" time="0.0"/>
  <testcase classname="Model.CardOrderTest" name="cardOrderTestWithProvidedValue" time="0.0"/>
  <testcase classname="Model.CardOrderTest" name="cardOrderTestWithProvidedValue" time="0.0"/>
  <testcase classname="Model.CardOrderTest" name="cardOrderTestWithProvidedValue" time="0.0"/>
  <testcase classname="Model.CardOrderTest" name="cardOrderTestWithProvidedValue" time="0.0"/>
  <testcase classname="Model.UsVerificationsTest" name="usVerificationsTestErrObjsInErrArr" time="0.001"/>
  <testcase classname="Model.UsVerificationsTest" name="usVerificationsTestWithProvidedValue" time="0.0"/>
  <testcase classname="Model.UsVerificationsTest" name="usVerificationsTestWithProvidedValue" time="0.0"/>
  <testcase classname="Model.UsVerificationsTest" name="usVerificationsTestWithProvidedValue" time="0.0"/>
  <testcase classname="Model.SortBy2Test" name="dateCreatedTest" time="0.0"/>
  <testcase classname="Model.SortBy2Test" name="sendDateTest" time="0.0"/>
  <testcase classname="Model.SortBy2Test" name="testSortBy2" time="0.0"/>
  <testcase classname="Model.BankAccountTest" name="bankAccountTestCatchesInvalidId" time="0.0"/>
  <testcase classname="Model.BankAccountTest" name="bankAccountTestCatchesInvalidSignatureUrl" time="0.0"/>
  <testcase classname="Model.BankAccountTest" name="bankAccountTestWithProvidedValue" time="0.0"/>
  <testcase classname="Model.BankAccountTest" name="bankAccountTestWithProvidedValue" time="0.0"/>
  <testcase classname="Model.BankAccountTest" name="bankAccountTestWithProvidedValue" time="0.0"/>
  <testcase classname="Model.BankAccountTest" name="bankAccountTestWithProvidedValue" time="0.0"/>
  <testcase classname="Model.BankAccountTest" name="bankAccountTestWithProvidedValue" time="0.0"/>
  <testcase classname="Model.BankAccountTest" name="bankAccountTestWithProvidedValue" time="0.0"/>
  <testcase classname="Model.BankAccountTest" name="bankAccountTestWithProvidedValue" time="0.0"/>
  <testcase classname="Model.BankAccountTest" name="bankAccountTestWithProvidedValue" time="0.0"/>
  <testcase classname="Model.BankAccountTest" name="bankAccountTestWithProvidedValue" time="0.0"/>
  <testcase classname="Model.BankAccountTest" name="bankAccountTestWithProvidedValue" time="0.0"/>
  <testcase classname="Model.BankAccountTest" name="bankAccountTestWithProvidedValue" time="0.0"/>
  <testcase classname="Model.BankAccountTest" name="bankAccountTestWithProvidedValue" time="0.0"/>
  <testcase classname="Model.BankAccountTest" name="bankAccountTestWithProvidedValue" time="0.0"/>
  <testcase classname="Model.BankAccountTest" name="bankAccountTestWithProvidedValue" time="0.0"/>
  <testcase classname="Model.BankAccountTest" name="bankAccountTestWithProvidedValue" time="0.0"/>
  <testcase classname="Model.BankAccountTest" name="bankAccountTestWithProvidedValue" time="0.001"/>
  <testcase classname="Model.BankAccountTest" name="bankAccountTestWithProvidedValue" time="0.0"/>
  <testcase classname="Model.MultipleComponentsTest" name="multipleComponentsTestCatchesException" time="0.0"/>
  <testcase classname="Model.MultipleComponentsTest" name="multipleComponentsTestWithProvidedValue" time="0.0"/>
  <testcase classname="Model.MultipleComponentsTest" name="multipleComponentsTestWithProvidedValue" time="0.0"/>
  <testcase classname="Model.MultipleComponentsTest" name="multipleComponentsTestWithProvidedValue" time="0.0"/>
  <testcase classname="Model.MultipleComponentsTest" name="multipleComponentsTestWithProvidedValue" time="0.0"/>
  <testcase classname="Model.MultipleComponentsTest" name="multipleComponentsTestWithProvidedValue" time="0.0"/>
  <testcase classname="Model.MultipleComponentsTest" name="multipleComponentsTestWithProvidedValue" time="0.0"/>
  <testcase classname="Model.MultipleComponentsTest" name="multipleComponentsTestWithProvidedValue" time="0.0"/>
  <testcase classname="Model.ZipCodeTypeTest" name="testZipCodeType" time="0.0"/>
  <testcase classname="Model.LetterCustomEnvelopeTest" name="letterCustomEnvelopeTestWithProvidedValue" time="0.0"/>
  <testcase classname="Model.LetterCustomEnvelopeTest" name="letterCustomEnvelopeTestWithProvidedValue" time="0.0"/>
  <testcase classname="Model.LetterCustomEnvelopeTest" name="letterCustomEnvelopeTestWithProvidedValue" time="0.0"/>
  <testcase classname="Model.InlineResponse200Test" name="dataTest" time="0.0"/>
  <testcase classname="Model.InlineResponse200Test" name="testInlineResponse200" time="0.0"/>
  <testcase classname="Model.LocationAnalysisTest" name="distanceTest" time="0.0"/>
  <testcase classname="Model.LocationAnalysisTest" name="latitudeTest" time="0.0"/>
  <testcase classname="Model.LocationAnalysisTest" name="longitudeTest" time="0.0"/>
  <testcase classname="Model.LocationAnalysisTest" name="testLocationAnalysis" time="0.0"/>
  <testcase classname="Model.LocationTest" name="latitudeTest" time="0.0"/>
  <testcase classname="Model.LocationTest" name="longitudeTest" time="0.0"/>
  <testcase classname="Model.LocationTest" name="testLocation" time="0.0"/>
  <testcase classname="Model.BankAccountVerifyTest" name="amountsTest" time="0.0"/>
  <testcase classname="Model.BankAccountVerifyTest" name="testBankAccountVerify" time="0.0"/>
  <testcase classname="Model.CheckTest" name="checkTestInvalidAttachmentTemplateID" time="0.002"/>
  <testcase classname="Model.CheckTest" name="checkTestInvalidAttachmentTemplateVersionId" time="0.0"/>
  <testcase classname="Model.CheckTest" name="checkTestInvalidCheckBtmTemplateId" time="0.0"/>
  <testcase classname="Model.CheckTest" name="checkTestInvalidCheckBtmTemplateVersionId" time="0.001"/>
  <testcase classname="Model.CheckTest" name="checkTestInvalidId" time="0.0"/>
  <testcase classname="Model.CheckTest" name="checkTestInvalidUrl" time="0.0"/>
  <testcase classname="Model.CheckTest" name="checkTestWithProvidedValue" time="0.0"/>
  <testcase classname="Model.CheckTest" name="checkTestWithProvidedValue" time="0.0"/>
  <testcase classname="Model.CheckTest" name="checkTestWithProvidedValue" time="0.0"/>
  <testcase classname="Model.CheckTest" name="checkTestWithProvidedValue" time="0.0"/>
  <testcase classname="Model.CheckTest" name="checkTestWithProvidedValue" time="0.0"/>
  <testcase classname="Model.CheckTest" name="checkTestWithProvidedValue" time="0.0"/>
  <testcase classname="Model.CheckTest" name="checkTestWithProvidedValue" time="0.001"/>
  <testcase classname="Model.CheckTest" name="checkTestWithProvidedValue" time="0.0"/>
  <testcase classname="Model.CheckTest" name="checkTestWithProvidedValue" time="0.0"/>
  <testcase classname="Model.CheckTest" name="checkTestWithProvidedValue" time="0.0"/>
  <testcase classname="Model.CheckTest" name="checkTestWithProvidedValue" time="0.0"/>
  <testcase classname="Model.CheckTest" name="checkTestWithProvidedValue" time="0.0"/>
  <testcase classname="Model.CheckTest" name="checkTestWithProvidedValue" time="0.0"/>
  <testcase classname="Model.CheckTest" name="checkTestWithProvidedValue" time="0.0"/>
  <testcase classname="Model.CheckTest" name="checkTestWithProvidedValue" time="0.0"/>
  <testcase classname="Model.CheckTest" name="checkTestWithProvidedValue" time="0.0"/>
  <testcase classname="Model.CheckTest" name="checkTestWithProvidedValue" time="0.0"/>
  <testcase classname="Model.CheckTest" name="checkTestWithProvidedValue" time="0.0"/>
  <testcase classname="Model.CheckTest" name="checkTestWithProvidedValue" time="0.001"/>
  <testcase classname="Model.CheckTest" name="checkTestWithProvidedValue" time="0.0"/>
  <testcase classname="Model.CheckTest" name="checkTestWithProvidedValue" time="0.0"/>
  <testcase classname="Model.CheckTest" name="checkTestWithProvidedValue" time="0.0"/>
  <testcase classname="Model.CheckTest" name="checkTestWithProvidedValue" time="0.0"/>
  <testcase classname="Model.LetterEditableTest" name="letterEditableTestWithProvidedValue" time="0.0"/>
  <testcase classname="Model.LetterEditableTest" name="letterEditableTestWithProvidedValue" time="0.0"/>
  <testcase classname="Model.LetterEditableTest" name="letterEditableTestWithProvidedValue" time="0.0"/>
  <testcase classname="Model.LetterEditableTest" name="letterEditableTestWithProvidedValue" time="0.0"/>
  <testcase classname="Model.LetterEditableTest" name="letterEditableTestWithProvidedValue" time="0.0"/>
  <testcase classname="Model.LetterEditableTest" name="letterEditableTestWithProvidedValue" time="0.0"/>
  <testcase classname="Model.LetterEditableTest" name="letterEditableTestWithProvidedValue" time="0.0"/>
  <testcase classname="Model.LetterEditableTest" name="letterEditableTestWithProvidedValue" time="0.0"/>
  <testcase classname="Model.LetterEditableTest" name="letterEditableTestWithProvidedValue" time="0.0"/>
  <testcase classname="Model.LetterEditableTest" name="letterEditableTestWithProvidedValue" time="0.0"/>
  <testcase classname="Model.LetterEditableTest" name="letterEditableTestWithProvidedValue" time="0.0"/>
  <testcase classname="Model.LetterEditableTest" name="letterEditableTestWithProvidedValue" time="0.0"/>
  <testcase classname="Model.LetterEditableTest" name="letterEditableTestWithProvidedValue" time="0.0"/>
  <testcase classname="Model.LetterEditableTest" name="letterEditableTestWithProvidedValue" time="0.0"/>
  <testcase classname="Model.LetterEditableTest" name="letterEditableTestWithProvidedValue" time="0.0"/>
  <testcase classname="Model.LetterEditableTest" name="letterEditableTestWithProvidedValue" time="0.0"/>
  <testcase classname="Model.LetterEditableTest" name="letterEditableTestWithProvidedValue" time="0.0"/>
  <testcase classname="Model.LetterEditableTest" name="letterEditableTestWithProvidedValue" time="0.001"/>
  <testcase classname="Model.LetterEditableTest" name="letterEditableTestWithProvidedValue" time="0.0"/>
  <testcase classname="Model.LetterEditableTest" name="letterEditableTestWithProvidedValue" time="0.0"/>
  <testcase classname="Model.PostcardListTest" name="_objectTest" time="0.0"/>
  <testcase classname="Model.PostcardListTest" name="countTest" time="0.0"/>
  <testcase classname="Model.PostcardListTest" name="dataTest" time="0.0"/>
  <testcase classname="Model.PostcardListTest" name="nextUrlTest" time="0.0"/>
  <testcase classname="Model.PostcardListTest" name="previousUrlTest" time="0.0"/>
  <testcase classname="Model.PostcardListTest" name="testPostcardList" time="0.0"/>
  <testcase classname="Model.PostcardListTest" name="totalCountTest" time="0.0"/>
  <testcase classname="Model.EventsTest" name="_objectTest" time="0.0"/>
  <testcase classname="Model.EventsTest" name="bodyTest" time="0.0"/>
  <testcase classname="Model.EventsTest" name="dateCreatedTest" time="0.0"/>
  <testcase classname="Model.EventsTest" name="eventTypeTest" time="0.0"/>
  <testcase classname="Model.EventsTest" name="idTest" time="0.0"/>
  <testcase classname="Model.EventsTest" name="referenceIdTest" time="0.0"/>
  <testcase classname="Model.EventsTest" name="testEvents" time="0.0"/>
  <testcase classname="Model.AddressDomesticExpandedTest" name="addressCityTest" time="0.0"/>
  <testcase classname="Model.AddressDomesticExpandedTest" name="addressCountryTest" time="0.0"/>
  <testcase classname="Model.AddressDomesticExpandedTest" name="addressCountryTestCatchesExceptiom" time="0.0"/>
  <testcase classname="Model.AddressDomesticExpandedTest" name="addressLine1Test" time="0.0"/>
  <testcase classname="Model.AddressDomesticExpandedTest" name="addressLine2Test" time="0.0"/>
  <testcase classname="Model.AddressDomesticExpandedTest" name="addressStateTest" time="0.0"/>
  <testcase classname="Model.AddressDomesticExpandedTest" name="addressZipTest" time="0.0"/>
  <testcase classname="Model.AddressDomesticExpandedTest" name="companyTest" time="0.0"/>
  <testcase classname="Model.AddressDomesticExpandedTest" name="descriptionTest" time="0.0"/>
  <testcase classname="Model.AddressDomesticExpandedTest" name="emailTest" time="0.001"/>
  <testcase classname="Model.AddressDomesticExpandedTest" name="metadataTest" time="0.0"/>
  <testcase classname="Model.AddressDomesticExpandedTest" name="nameTest" time="0.0"/>
  <testcase classname="Model.AddressDomesticExpandedTest" name="phoneTest" time="0.0"/>
  <testcase classname="Model.AddressDomesticExpandedTest" name="testAddressDomesticExpanded" time="0.0"/>
  <testcase classname="Model.IntlVerificationTest" name="intlVerificationTestCatchesException" time="0.002"/>
  <testcase classname="Model.IntlVerificationTest" name="intlVerificationTestWithProvidedValue" time="0.0"/>
  <testcase classname="Model.IntlVerificationTest" name="intlVerificationTestWithProvidedValue" time="0.0"/>
  <testcase classname="Model.IntlVerificationTest" name="intlVerificationTestWithProvidedValue" time="0.0"/>
  <testcase classname="Model.IntlVerificationTest" name="intlVerificationTestWithProvidedValue" time="0.0"/>
  <testcase classname="Model.IntlVerificationTest" name="intlVerificationTestWithProvidedValue" time="0.0"/>
  <testcase classname="Model.IntlVerificationTest" name="intlVerificationTestWithProvidedValue" time="0.0"/>
  <testcase classname="Model.IntlVerificationTest" name="intlVerificationTestWithProvidedValue" time="0.0"/>
  <testcase classname="Model.IntlVerificationTest" name="intlVerificationTestWithProvidedValue" time="0.0"/>
  <testcase classname="Model.IntlVerificationTest" name="intlVerificationTestWithProvidedValue" time="0.0"/>
  <testcase classname="Model.IntlVerificationTest" name="intlVerificationTestWithProvidedValue" time="0.0"/>
  <testcase classname="Model.IntlVerificationTest" name="intlVerificationTestWithProvidedValue" time="0.0"/>
  <testcase classname="Model.IntlVerificationTest" name="intlVerificationTestWithProvidedValue" time="0.0"/>
  <testcase classname="Model.IntlVerificationTest" name="intlVerificationTestWithProvidedValue" time="0.0"/>
  <testcase classname="Model.IntlVerificationTest" name="intlVerificationTestWithProvidedValue" time="0.0"/>
  <testcase classname="Model.IntlVerificationTest" name="intlVerificationTestWithProvidedValue" time="0.0"/>
  <testcase classname="Model.IntlVerificationTest" name="intlVerificationTestWithProvidedValue" time="0.0"/>
  <testcase classname="Model.IntlVerificationTest" name="intlVerificationTestWithProvidedValue" time="0.0"/>
  <testcase classname="Model.IntlVerificationTest" name="intlVerificationTestWithProvidedValue" time="0.0"/>
  <testcase classname="Model.IntlVerificationTest" name="intlVerificationTestWithProvidedValue" time="0.0"/>
  <testcase classname="Model.IntlVerificationTest" name="intlVerificationTestWithProvidedValue" time="0.0"/>
  <testcase classname="Model.IntlVerificationTest" name="intlVerificationTestWithProvidedValue" time="0.0"/>
  <testcase classname="Model.IntlVerificationTest" name="intlVerificationTestWithProvidedValue" time="0.0"/>
  <testcase classname="Model.IntlVerificationTest" name="intlVerificationTestWithProvidedValue" time="0.0"/>
  <testcase classname="Model.IntlVerificationTest" name="intlVerificationTestWithProvidedValue" time="0.0"/>
  <testcase classname="Model.IntlVerificationTest" name="intlVerificationTestWithProvidedValue" time="0.0"/>
  <testcase classname="Model.CheckDeletionTest" name="checkDeletionTestCatchesInvalidId" time="0.001"/>
  <testcase classname="Model.CheckDeletionTest" name="checkDeletionTestWithProvidedValue" time="0.0"/>
  <testcase classname="Model.CheckDeletionTest" name="checkDeletionTestWithProvidedValue" time="0.0"/>
  <testcase classname="Model.CheckDeletionTest" name="checkDeletionTestWithProvidedValue" time="0.0"/>
  <testcase classname="Model.CheckDeletionTest" name="checkDeletionTestWithProvidedValue" time="0.0"/>
  <testcase classname="Model.BillingGroupEditableTest" name="billingGroupEditableTestWithProvidedValue" time="0.001"/>
  <testcase classname="Model.SortBy4Test" name="dateCreatedTest" time="0.0"/>
  <testcase classname="Model.SortBy4Test" name="sendDateTest" time="0.0"/>
  <testcase classname="Model.SortBy4Test" name="testSortBy4" time="0.0"/>
  <testcase classname="Model.LetterListTest" name="letterListNextPageTokenGetterTest" time="0.001"/>
  <testcase classname="Model.LetterListTest" name="letterListNextPageTokenGetterTestMissingNextURL" time="0.0"/>
  <testcase classname="Model.LetterListTest" name="letterListPrevPageTokenGetterTest" time="0.001"/>
  <testcase classname="Model.LetterListTest" name="letterListPrevPageTokenGetterTestMissingNextURL" time="0.0"/>
  <testcase classname="Model.LetterListTest" name="letterListTestWithProvidedValue" time="0.0"/>
  <testcase classname="Model.LetterListTest" name="letterListTestWithProvidedValue" time="0.0"/>
  <testcase classname="Model.LetterListTest" name="letterListTestWithProvidedValue" time="0.0"/>
  <testcase classname="Model.LetterListTest" name="letterListTestWithProvidedValue" time="0.0"/>
  <testcase classname="Model.LetterListTest" name="letterListTestWithProvidedValue" time="0.0"/>
  <testcase classname="Model.LetterListTest" name="letterListTestWithProvidedValue" time="0.0"/>
  <testcase classname="Model.UsAutocompletionsWritableTest" name="addressPrefixTest" time="0.0"/>
  <testcase classname="Model.UsAutocompletionsWritableTest" name="cityTest" time="0.0"/>
  <testcase classname="Model.UsAutocompletionsWritableTest" name="geoIpSortTest" time="0.0"/>
  <testcase classname="Model.UsAutocompletionsWritableTest" name="stateTest" time="0.0"/>
  <testcase classname="Model.UsAutocompletionsWritableTest" name="testUsAutocompletionsWritable" time="0.001"/>
  <testcase classname="Model.UsAutocompletionsWritableTest" name="zipCodeTest" time="0.0"/>
  <testcase classname="Model.ThumbnailTest" name="largeTest" time="0.0"/>
  <testcase classname="Model.ThumbnailTest" name="mediumTest" time="0.0"/>
  <testcase classname="Model.ThumbnailTest" name="smallTest" time="0.0"/>
  <testcase classname="Model.ThumbnailTest" name="testThumbnail" time="0.0"/>
  <testcase classname="Model.LetterTest" name="letterCreateTestInvalidId" time="0.002"/>
  <testcase classname="Model.LetterTest" name="letterCreateTestInvalidTemplateId" time="0.0"/>
  <testcase classname="Model.LetterTest" name="letterCreateTestInvalidTemplateVersionId" time="0.0"/>
  <testcase classname="Model.LetterTest" name="letterCreateTestWithProvidedValue" time="0.0"/>
  <testcase classname="Model.LetterTest" name="letterCreateTestWithProvidedValue" time="0.0"/>
  <testcase classname="Model.LetterTest" name="letterCreateTestWithProvidedValue" time="0.0"/>
  <testcase classname="Model.LetterTest" name="letterCreateTestWithProvidedValue" time="0.0"/>
  <testcase classname="Model.LetterTest" name="letterCreateTestWithProvidedValue" time="0.0"/>
  <testcase classname="Model.LetterTest" name="letterCreateTestWithProvidedValue" time="0.0"/>
  <testcase classname="Model.LetterTest" name="letterCreateTestWithProvidedValue" time="0.0"/>
  <testcase classname="Model.LetterTest" name="letterCreateTestWithProvidedValue" time="0.0"/>
  <testcase classname="Model.LetterTest" name="letterCreateTestWithProvidedValue" time="0.0"/>
  <testcase classname="Model.LetterTest" name="letterCreateTestWithProvidedValue" time="0.0"/>
  <testcase classname="Model.LetterTest" name="letterCreateTestWithProvidedValue" time="0.0"/>
  <testcase classname="Model.LetterTest" name="letterCreateTestWithProvidedValue" time="0.0"/>
  <testcase classname="Model.LetterTest" name="letterCreateTestWithProvidedValue" time="0.001"/>
  <testcase classname="Model.LetterTest" name="letterCreateTestWithProvidedValue" time="0.0"/>
  <testcase classname="Model.LetterTest" name="letterCreateTestWithProvidedValue" time="0.0"/>
  <testcase classname="Model.LetterTest" name="letterCreateTestWithProvidedValue" time="0.0"/>
  <testcase classname="Model.LetterTest" name="letterCreateTestWithProvidedValue" time="0.0"/>
  <testcase classname="Model.LetterTest" name="letterCreateTestWithProvidedValue" time="0.0"/>
  <testcase classname="Model.LetterTest" name="letterCreateTestWithProvidedValue" time="0.0"/>
  <testcase classname="Model.LetterTest" name="letterCreateTestWithProvidedValue" time="0.0"/>
  <testcase classname="Model.LetterTest" name="letterCreateTestWithProvidedValue" time="0.0"/>
  <testcase classname="Model.LetterTest" name="letterCreateTestWithProvidedValue" time="0.0"/>
  <testcase classname="Model.LetterTest" name="letterCreateTestWithProvidedValue" time="0.0"/>
  <testcase classname="Model.LetterTest" name="letterCreateTestWithProvidedValue" time="0.0"/>
  <testcase classname="Model.LetterTest" name="letterCreateTestWithProvidedValue" time="0.0"/>
  <testcase classname="Model.LetterTest" name="letterCreateTestWithProvidedValue" time="0.0"/>
  <testcase classname="Model.LetterTest" name="letterCreateTestWithProvidedValue" time="0.0"/>
  <testcase classname="Model.LetterTest" name="letterCreateTestWithProvidedValue" time="0.0"/>
  <testcase classname="Model.LetterTest" name="letterCreateTestWithProvidedValue" time="0.0"/>
  <testcase classname="Model.LetterTest" name="letterCreateTestWithProvidedValue" time="0.0"/>
  <testcase classname="Model.LetterTest" name="letterCreateTestWithProvidedValue" time="0.0"/>
  <testcase classname="Model.LetterTest" name="letterCreateTestWithProvidedValue" time="0.0"/>
  <testcase classname="Model.LetterTest" name="letterCreateTestWithProvidedValue" time="0.0"/>
  <testcase classname="Model.LetterTest" name="letterCreateTestWithProvidedValue" time="0.0"/>
  <testcase classname="Model.CardDeletionTest" name="cardDeletionTestCatchesInvalidId" time="0.001"/>
  <testcase classname="Model.CardDeletionTest" name="cardDeletionTestWithProvidedValue" time="0.0"/>
  <testcase classname="Model.CardDeletionTest" name="cardDeletionTestWithProvidedValue" time="0.0"/>
  <testcase classname="Model.CardDeletionTest" name="cardDeletionTestWithProvidedValue" time="0.0"/>
  <testcase classname="Model.CardDeletionTest" name="cardDeletionTestWithProvidedValue" time="0.0"/>
  <testcase classname="Model.TemplateVersionTest" name="_objectTest" time="0.0"/>
  <testcase classname="Model.TemplateVersionTest" name="dateCreatedTest" time="0.0"/>
  <testcase classname="Model.TemplateVersionTest" name="dateModifiedTest" time="0.0"/>
  <testcase classname="Model.TemplateVersionTest" name="deletedTest" time="0.0"/>
  <testcase classname="Model.TemplateVersionTest" name="descriptionTest" time="0.0"/>
  <testcase classname="Model.TemplateVersionTest" name="engineTest" time="0.0"/>
  <testcase classname="Model.TemplateVersionTest" name="htmlTest" time="0.0"/>
  <testcase classname="Model.TemplateVersionTest" name="idTest" time="0.0"/>
  <testcase classname="Model.TemplateVersionTest" name="mergeVariablesTest" time="0.0"/>
  <testcase classname="Model.TemplateVersionTest" name="suggestJsonEditorTest" time="0.0"/>
  <testcase classname="Model.TemplateVersionTest" name="testTemplateVersion" time="0.0"/>
  <testcase classname="Model.BillingGroupListTest" name="billingGroupListNextPageTokenGetterTest" time="0.001"/>
  <testcase classname="Model.BillingGroupListTest" name="billingGroupListNextPageTokenGetterTestMisingVal" time="0.0"/>
  <testcase classname="Model.BillingGroupListTest" name="billingGroupListPrevPageTokenGetterTest" time="0.0"/>
  <testcase classname="Model.BillingGroupListTest" name="billingGroupListPrevPageTokenGetterTestMisingVal" time="0.0"/>
  <testcase classname="Model.BillingGroupListTest" name="billingGroupListTestWithProvidedValue" time="0.0"/>
  <testcase classname="Model.BillingGroupListTest" name="billingGroupListTestWithProvidedValue" time="0.0"/>
  <testcase classname="Model.BillingGroupListTest" name="billingGroupListTestWithProvidedValue" time="0.0"/>
  <testcase classname="Model.BillingGroupListTest" name="billingGroupListTestWithProvidedValue" time="0.0"/>
  <testcase classname="Model.BillingGroupListTest" name="billingGroupListTestWithProvidedValue" time="0.0"/>
  <testcase classname="Model.SortBy3Test" name="dateCreatedTest" time="0.0"/>
  <testcase classname="Model.SortBy3Test" name="sendDateTest" time="0.0"/>
  <testcase classname="Model.SortBy3Test" name="testSortBy3" time="0.0"/>
  <testcase classname="Model.BillingGroupTest" name="billingGroupTestCatchesInvalidId" time="0.002"/>
  <testcase classname="Model.BillingGroupTest" name="billingGroupTestWithProvidedValue" time="0.0"/>
  <testcase classname="Model.BillingGroupTest" name="billingGroupTestWithProvidedValue" time="0.0"/>
  <testcase classname="Model.BillingGroupTest" name="billingGroupTestWithProvidedValue" time="0.0"/>
  <testcase classname="Model.BillingGroupTest" name="billingGroupTestWithProvidedValue" time="0.0"/>
  <testcase classname="Model.BillingGroupTest" name="billingGroupTestWithProvidedValue" time="0.0"/>
  <testcase classname="Model.BillingGroupTest" name="billingGroupTestWithProvidedValue" time="0.0"/>
  <testcase classname="Model.DpvFootnoteTest" name="testDpvFootnote" time="0.0"/>
  <testcase classname="Model.SelfMailerListTest" name="_objectTest" time="0.0"/>
  <testcase classname="Model.SelfMailerListTest" name="countTest" time="0.0"/>
  <testcase classname="Model.SelfMailerListTest" name="dataTest" time="0.0"/>
  <testcase classname="Model.SelfMailerListTest" name="nextUrlTest" time="0.0"/>
  <testcase classname="Model.SelfMailerListTest" name="previousUrlTest" time="0.0"/>
  <testcase classname="Model.SelfMailerListTest" name="testSelfMailerList" time="0.0"/>
  <testcase classname="Model.SelfMailerListTest" name="totalCountTest" time="0.0"/>
  <testcase classname="Model.TemplateListTest" name="_objectTest" time="0.0"/>
  <testcase classname="Model.TemplateListTest" name="countTest" time="0.0"/>
  <testcase classname="Model.TemplateListTest" name="dataTest" time="0.0"/>
  <testcase classname="Model.TemplateListTest" name="nextUrlTest" time="0.0"/>
  <testcase classname="Model.TemplateListTest" name="previousUrlTest" time="0.0"/>
  <testcase classname="Model.TemplateListTest" name="testTemplateList" time="0.001"/>
  <testcase classname="Model.TemplateListTest" name="totalCountTest" time="0.0"/>
  <testcase classname="Model.BankAccountListTest" name="_objectTest" time="0.0"/>
  <testcase classname="Model.BankAccountListTest" name="countTest" time="0.0"/>
  <testcase classname="Model.BankAccountListTest" name="dataTest" time="0.0"/>
  <testcase classname="Model.BankAccountListTest" name="nextUrlTest" time="0.0"/>
  <testcase classname="Model.BankAccountListTest" name="previousUrlTest" time="0.0"/>
  <testcase classname="Model.BankAccountListTest" name="testBankAccountList" time="0.0"/>
  <testcase classname="Model.BankAccountListTest" name="totalCountTest" time="0.0"/>
  <testcase classname="Model.SelfMailerSizeTest" name="testSelfMailerSize" time="0.0"/>
  <testcase classname="Model.IntlVerificationWritableTest" name="intlVerificationWritableTestWithProvidedValue" time="0.001"/>
  <testcase classname="Model.IntlVerificationWritableTest" name="intlVerificationWritableTestWithProvidedValue" time="0.0"/>
  <testcase classname="Model.IntlVerificationWritableTest" name="intlVerificationWritableTestWithProvidedValue" time="0.0"/>
  <testcase classname="Model.IntlVerificationWritableTest" name="intlVerificationWritableTestWithProvidedValue" time="0.0"/>
  <testcase classname="Model.IntlVerificationWritableTest" name="intlVerificationWritableTestWithProvidedValue" time="0.0"/>
  <testcase classname="Model.IntlVerificationWritableTest" name="intlVerificationWritableTestWithProvidedValue" time="0.0"/>
  <testcase classname="Model.IntlVerificationWritableTest" name="intlVerificationWritableTestWithProvidedValue" time="0.0"/>
  <testcase classname="Model.IntlVerificationWritableTest" name="intlVerificationWritableTestWithProvidedValue" time="0.0"/>
  <testcase classname="Model.CountryExtendedTest" name="testCountryExtended" time="0.0"/>
  <testcase classname="Model.ZipLookupCityTest" name="cityTest" time="0.0"/>
  <testcase classname="Model.ZipLookupCityTest" name="countyFipsTest" time="0.0"/>
  <testcase classname="Model.ZipLookupCityTest" name="countyTest" time="0.0"/>
  <testcase classname="Model.ZipLookupCityTest" name="preferredTest" time="0.0"/>
  <testcase classname="Model.ZipLookupCityTest" name="stateTest" time="0.0"/>
  <testcase classname="Model.ZipLookupCityTest" name="testZipLookupCity" time="0.0"/>
  <testcase classname="Model.BankTypeEnumTest" name="testBankTypeEnum" time="0.0"/>
  <testcase classname="Model.IntlVerificationsTest" name="intlVerificationsTestWithProvidedValue" time="0.0"/>
  <testcase classname="Model.IntlVerificationsTest" name="intlVerificationsTestWithProvidedValue" time="0.0"/>
  <testcase classname="Model.IntlVerificationsTest" name="intlVerificationsTestWithProvidedValue" time="0.0"/>
  <testcase classname="Model.ZipTest" name="_objectTest" time="0.0"/>
  <testcase classname="Model.ZipTest" name="citiesTest" time="0.0"/>
  <testcase classname="Model.ZipTest" name="idTest" time="0.0"/>
  <testcase classname="Model.ZipTest" name="testZip" time="0.0"/>
  <testcase classname="Model.ZipTest" name="zipCodeTest" time="0.0"/>
  <testcase classname="Model.ZipTest" name="zipCodeTypeTest" time="0.0"/>
  <testcase classname="Model.IntlVerificationsPayloadTest" name="intlVerificationsTestWithProvidedValue" time="0.001"/>
  <testcase classname="Model.MultipleComponentsIntlTest" name="multipleComponentsIntlTestWithProvidedValue" time="0.0"/>
  <testcase classname="Model.MultipleComponentsIntlTest" name="multipleComponentsIntlTestWithProvidedValue" time="0.0"/>
  <testcase classname="Model.MultipleComponentsIntlTest" name="multipleComponentsIntlTestWithProvidedValue" time="0.0"/>
  <testcase classname="Model.MultipleComponentsIntlTest" name="multipleComponentsIntlTestWithProvidedValue" time="0.0"/>
  <testcase classname="Model.MultipleComponentsIntlTest" name="multipleComponentsIntlTestWithProvidedValue" time="0.0"/>
  <testcase classname="Model.MultipleComponentsIntlTest" name="multipleComponentsIntlTestWithProvidedValue" time="0.0"/>
  <testcase classname="Model.MultipleComponentsIntlTest" name="multipleComponentsIntlTestWithProvidedValue" time="0.0"/>
  <testcase classname="Model.MultipleComponentsIntlTest" name="multipleComponentsIntlTestWithProvidedValue" time="0.0"/>
  <testcase classname="Model.SendDateTest" name="testSendDate" time="0.0"/>
  <testcase classname="Model.CardEditableTest" name="cardEditableTestWithProvidedValue" time="0.0"/>
  <testcase classname="Model.CardEditableTest" name="cardEditableTestWithProvidedValue" time="0.0"/>
  <testcase classname="Model.CardEditableTest" name="cardEditableTestWithProvidedValue" time="0.001"/>
  <testcase classname="Model.CardEditableTest" name="cardEditableTestWithProvidedValue" time="0.0"/>
  <testcase classname="Model.CardEditableTest" name="cardEditableTestWithProvidedValue" time="0.0"/>
  <testcase classname="Model.EngineHtmlTest" name="testEngineHtml" time="0.0"/>
  <testcase classname="Model.SortBy5Test" name="dateCreatedTest" time="0.0"/>
  <testcase classname="Model.SortBy5Test" name="sendDateTest" time="0.0"/>
  <testcase classname="Model.SortBy5Test" name="testSortBy5" time="0.0"/>
  <testcase classname="Model.GeocodeComponentsTest" name="testGeocodeComponents" time="0.0"/>
  <testcase classname="Model.GeocodeComponentsTest" name="zipCodePlus4Test" time="0.0"/>
  <testcase classname="Model.GeocodeComponentsTest" name="zipCodeTest" time="0.001"/>
  <testcase classname="Model.IntlComponentsTest" name="intlComponentsTestWithProvidedValue" time="0.0"/>
  <testcase classname="Model.IntlComponentsTest" name="intlComponentsTestWithProvidedValue" time="0.0"/>
  <testcase classname="Model.IntlComponentsTest" name="intlComponentsTestWithProvidedValue" time="0.0"/>
  <testcase classname="Model.IntlComponentsTest" name="intlComponentsTestWithProvidedValue" time="0.0"/>
  <testcase classname="Model.IntlComponentsTest" name="intlComponentsTestWithProvidedValue" time="0.0"/>
  <testcase classname="Api.UsAutocompletionsApiTest" name="autoCompletionTestCatchesException" time="0.49"/>
  <testcase classname="Api.UsAutocompletionsApiTest" name="autoCompletionTestCatchesExceptionWithResponseBody" time="0.001"/>
  <testcase classname="Api.UsAutocompletionsApiTest" name="autocompletionTest" time="0.003"/>
  <testcase classname="Api.LettersApiTest" name="letterCancelTest" time="0.059"/>
  <testcase classname="Api.LettersApiTest" name="letterCancelTestCatchesException" time="0.0"/>
  <testcase classname="Api.LettersApiTest" name="letterCancelTestCatchesExceptionWithResponseBody" time="0.001"/>
  <testcase classname="Api.LettersApiTest" name="letterCreateTest" time="0.0"/>
  <testcase classname="Api.LettersApiTest" name="letterCreateTestCatchesException" time="0.001"/>
  <testcase classname="Api.LettersApiTest" name="letterCreateTestCatchesExceptionWithResponseBody" time="0.0"/>
  <testcase classname="Api.LettersApiTest" name="letterListTestCatchesException" time="0.001"/>
  <testcase classname="Api.LettersApiTest" name="letterListTestCatchesExceptionWithResponseBody" time="0.0"/>
  <testcase classname="Api.LettersApiTest" name="letterRetrieveTest" time="0.001"/>
  <testcase classname="Api.LettersApiTest" name="letterRetrieveTestCatchesException" time="0.0"/>
  <testcase classname="Api.LettersApiTest" name="letterRetrieveTestCatchesExceptionWithResponseBody" time="0.001"/>
  <testcase classname="Api.PostcardsApiTest" name="postcardCreateTest" time="0.049"/>
  <testcase classname="Api.PostcardsApiTest" name="postcardCreateTestCatchesException" time="0.0"/>
  <testcase classname="Api.PostcardsApiTest" name="postcardCreateTestCatchesExceptionWithResponseBody" time="0.001"/>
  <testcase classname="Api.PostcardsApiTest" name="postcardDeleteTest" time="0.0"/>
  <testcase classname="Api.PostcardsApiTest" name="postcardDeleteTestCatchesException" time="0.0"/>
  <testcase classname="Api.PostcardsApiTest" name="postcardDeleteTestCatchesExceptionWithResponseBody" time="0.0"/>
  <testcase classname="Api.PostcardsApiTest" name="postcardRetrieveTest" time="0.001"/>
  <testcase classname="Api.PostcardsApiTest" name="postcardRetrieveTestCatchesException" time="0.0"/>
  <testcase classname="Api.PostcardsApiTest" name="postcardRetrieveTestCatchesExceptionWithResponseBody" time="0.0"/>
  <testcase classname="Api.AddressesApiTest" name="addressCreateTest" time="0.043"/>
  <testcase classname="Api.AddressesApiTest" name="addressCreateTestCatchesException" time="0.0"/>
  <testcase classname="Api.AddressesApiTest" name="addressCreateTestCatchesExceptionWithResponseBody" time="0.001"/>
  <testcase classname="Api.AddressesApiTest" name="addressDeleteTest" time="0.0"/>
  <testcase classname="Api.AddressesApiTest" name="addressDeleteTestCatchesException" time="0.0"/>
  <testcase classname="Api.AddressesApiTest" name="addressDeleteTestCatchesExceptionWithResponseBody" time="0.001"/>
  <testcase classname="Api.AddressesApiTest" name="addressListTestCatchesException" time="0.0"/>
  <testcase classname="Api.AddressesApiTest" name="addressListTestCatchesExceptionWithResponseBody" time="0.001"/>
  <testcase classname="Api.AddressesApiTest" name="addressRetrieveTest" time="0.0"/>
  <testcase classname="Api.AddressesApiTest" name="addressRetrieveTestCatchesException" time="0.0"/>
  <testcase classname="Api.AddressesApiTest" name="addressRetrieveTestCatchesExceptionWithResponseBody" time="0.0"/>
  <testcase classname="Api.AddressesApiTest" name="addressesListTest" time="0.0"/>
  <testcase classname="Api.BillingGroupsApiTest" name="billingGroupCreateTest" time="0.044"/>
  <testcase classname="Api.BillingGroupsApiTest" name="billingGroupCreateTestCatchesException" time="0.0"/>
  <testcase classname="Api.BillingGroupsApiTest" name="billingGroupCreateTestCatchesExceptionWithResponseBody" time="0.0"/>
  <testcase classname="Api.BillingGroupsApiTest" name="billingGroupListTestCatchesException" time="0.001"/>
  <testcase classname="Api.BillingGroupsApiTest" name="billingGroupListTestCatchesExceptionWithResponseBody" time="0.0"/>
  <testcase classname="Api.BillingGroupsApiTest" name="billingGroupRetrieveTest" time="0.001"/>
  <testcase classname="Api.BillingGroupsApiTest" name="billingGroupRetrieveTestCatchesException" time="0.0"/>
  <testcase classname="Api.BillingGroupsApiTest" name="billingGroupRetrieveTestCatchesExceptionWithResponseBody" time="0.0"/>
  <testcase classname="Api.BillingGroupsApiTest" name="billingGroupUpdateTest" time="0.0"/>
  <testcase classname="Api.BillingGroupsApiTest" name="billingGroupUpdateTestCatchesException" time="0.0"/>
  <testcase classname="Api.BillingGroupsApiTest" name="billingGroupUpdateTestCatchesExceptionWithResponseBody" time="0.001"/>
  <testcase classname="Api.BankAccountsApiTest" name="BankAccountRetrieveTest" time="0.043"/>
  <testcase classname="Api.BankAccountsApiTest" name="bankAccountCreateTest" time="0.0"/>
  <testcase classname="Api.BankAccountsApiTest" name="bankAccountCreateTestCatchesException" time="0.001"/>
  <testcase classname="Api.BankAccountsApiTest" name="bankAccountCreateTestCatchesExceptionWithResponseBody" time="0.0"/>
  <testcase classname="Api.BankAccountsApiTest" name="bankAccountDeleteTest" time="0.0"/>
  <testcase classname="Api.BankAccountsApiTest" name="bankAccountDeleteTestCatchesException" time="0.0"/>
  <testcase classname="Api.BankAccountsApiTest" name="bankAccountDeleteTestCatchesExceptionWithResponseBody" time="0.0"/>
  <testcase classname="Api.BankAccountsApiTest" name="bankAccountListTestCatchesException" time="0.001"/>
  <testcase classname="Api.BankAccountsApiTest" name="bankAccountListTestCatchesExceptionWithResponseBody" time="0.0"/>
  <testcase classname="Api.BankAccountsApiTest" name="bankAccountRetrieveTestCatchesException" time="0.001"/>
  <testcase classname="Api.BankAccountsApiTest" name="bankAccountRetrieveTestCatchesExceptionWithResponseBody" time="0.0"/>
  <testcase classname="Api.BankAccountsApiTest" name="bankAccountsListTest" time="0.0"/>
  <testcase classname="Api.TemplatesApiTest" name="createTemplateTest" time="0.042"/>
  <testcase classname="Api.TemplatesApiTest" name="createTemplateTestCatchesException" time="0.0"/>
  <testcase classname="Api.TemplatesApiTest" name="createTemplateTestCatchesExceptionWithResponseBody" time="0.001"/>
  <testcase classname="Api.TemplatesApiTest" name="templateDeleteTest" time="0.0"/>
  <testcase classname="Api.TemplatesApiTest" name="templateDeleteTestCatchesException" time="0.001"/>
  <testcase classname="Api.TemplatesApiTest" name="templateDeleteTestCatchesExceptionWithResponseBody" time="0.0"/>
  <testcase classname="Api.TemplatesApiTest" name="templateListTestCatchesException" time="0.0"/>
  <testcase classname="Api.TemplatesApiTest" name="templateListTestCatchesExceptionWithResponseBody" time="0.0"/>
  <testcase classname="Api.TemplatesApiTest" name="templateRetrieveTest" time="0.0"/>
  <testcase classname="Api.TemplatesApiTest" name="templateRetrieveTestCatchesException" time="0.001"/>
  <testcase classname="Api.TemplatesApiTest" name="templateRetrieveTestCatchesExceptionWithResponseBody" time="0.0"/>
  <testcase classname="Api.TemplatesApiTest" name="templateUpdateTest" time="0.0"/>
  <testcase classname="Api.TemplatesApiTest" name="templateUpdateTestCatchesException" time="0.0"/>
  <testcase classname="Api.TemplatesApiTest" name="templateUpdateTestCatchesExceptionWithResponseBody" time="0.0"/>
  <testcase classname="Api.SelfMailersApiTest" name="selfMailerCreateTest" time="0.038"/>
  <testcase classname="Api.SelfMailersApiTest" name="selfMailerCreateTestCatchesException" time="0.001"/>
  <testcase classname="Api.SelfMailersApiTest" name="selfMailerCreateTestCatchesExceptionWithResponseBody" time="0.0"/>
  <testcase classname="Api.SelfMailersApiTest" name="selfMailerDeleteTest" time="0.001"/>
  <testcase classname="Api.SelfMailersApiTest" name="selfMailerDeleteTestCatchesException" time="0.0"/>
  <testcase classname="Api.SelfMailersApiTest" name="selfMailerDeleteTestCatchesExceptionWithResponseBody" time="0.001"/>
  <testcase classname="Api.SelfMailersApiTest" name="selfMailerRetrieveTest" time="0.0"/>
  <testcase classname="Api.SelfMailersApiTest" name="selfMailerRetrieveTestCatchesException" time="0.0"/>
  <testcase classname="Api.SelfMailersApiTest" name="selfMailerRetrieveTestCatchesExceptionWithResponseBody" time="0.001"/>
  <testcase classname="Api.SelfMailersApiTest" name="selfMailersListTest" time="0.0"/>
  <testcase classname="Api.SelfMailersApiTest" name="selfMailersListTestCatchesException" time="0.001"/>
  <testcase classname="Api.SelfMailersApiTest" name="selfMailersListTestCatchesExceptionWithResponseBody" time="0.0"/>
  <testcase classname="Api.IntlVerificationsApiTest" name="bulkIntlVerificationsTest" time="0.021"/>
  <testcase classname="Api.IntlVerificationsApiTest" name="bulkIntlVerificationsTestCatchesException" time="0.0"/>
  <testcase classname="Api.IntlVerificationsApiTest" name="bulkIntlVerificationsTestCatchesExceptionWithResponseBody" time="0.0"/>
  <testcase classname="Api.IntlVerificationsApiTest" name="intlVerificationTest" time="0.0"/>
  <testcase classname="Api.IntlVerificationsApiTest" name="intlVerificationTestCatchesException" time="0.0"/>
  <testcase classname="Api.IntlVerificationsApiTest" name="intlVerificationTestCatchesExceptionWithResponseBody" time="0.0"/>
  <testcase classname="Api.CardOrdersApiTest" name="cardOrderCreateTest" time="0.028"/>
  <testcase classname="Api.CardOrdersApiTest" name="cardOrderCreateTestCatchesException" time="0.0"/>
  <testcase classname="Api.CardOrdersApiTest" name="cardOrderCreateTestCatchesExceptionWithResponseBody" time="0.0"/>
  <testcase classname="Api.CardOrdersApiTest" name="cardOrderRetrieveTest" time="0.001"/>
  <testcase classname="Api.CardOrdersApiTest" name="cardOrderRetrieveTestCatchesException" time="0.0"/>
  <testcase classname="Api.CardOrdersApiTest" name="cardOrderRetrieveTestCatchesExceptionWithResponseBody" time="0.0"/>
  <testcase classname="Api.ZipLookupsApiTest" name="zipLookupIntlAddrTest" time="0.015"/>
  <testcase classname="Api.ZipLookupsApiTest" name="zipLookupTestCatchesException" time="0.001"/>
  <testcase classname="Api.ZipLookupsApiTest" name="zipLookupTestCatchesExceptionWithResponseBody" time="0.0"/>
  <testcase classname="Api.ReverseGeocodeLookupsApiTest" name="reverseGeocodeLookupTest" time="0.014"/>
  <testcase classname="Api.ReverseGeocodeLookupsApiTest" name="reverseGeocodeLookupTestCatchesException" time="0.0"/>
  <testcase classname="Api.ReverseGeocodeLookupsApiTest" name="reverseGeocodeLookupTestCatchesExceptionWithResponseBody" time="0.001"/>
  <testcase classname="Api.ChecksApiTest" name="checkCancelTest" time="0.049"/>
  <testcase classname="Api.ChecksApiTest" name="checkCancelTestCatchesException" time="0.0"/>
  <testcase classname="Api.ChecksApiTest" name="checkCancelTestCatchesExceptionWithResponseBody" time="0.001"/>
  <testcase classname="Api.ChecksApiTest" name="checkCreateTest" time="0.0"/>
  <testcase classname="Api.ChecksApiTest" name="checkCreateTestCatchesException" time="0.001"/>
  <testcase classname="Api.ChecksApiTest" name="checkCreateTestCatchesExceptionWithResponseBody" time="0.0"/>
  <testcase classname="Api.ChecksApiTest" name="checkListTestCatchesException" time="0.001"/>
  <testcase classname="Api.ChecksApiTest" name="checkListTestCatchesExceptionWithResponseBody" time="0.0"/>
  <testcase classname="Api.ChecksApiTest" name="checkRetrieveTest" time="0.0"/>
  <testcase classname="Api.ChecksApiTest" name="checkRetrieveTestCatchesException" time="0.001"/>
  <testcase classname="Api.ChecksApiTest" name="checkRetrieveTestCatchesExceptionWithResponseBody" time="0.0"/>
  <testcase classname="Api.UsVerificationsApiTest" name="UsVerificationTestCatchesException" time="0.021"/>
  <testcase classname="Api.UsVerificationsApiTest" name="UsVerificationTestCatchesExceptionWithResponseBody" time="0.0"/>
  <testcase classname="Api.UsVerificationsApiTest" name="bulkUsVerificationsTest" time="0.0"/>
  <testcase classname="Api.UsVerificationsApiTest" name="bulkVerificationsTestCatchesException" time="0.0"/>
  <testcase classname="Api.UsVerificationsApiTest" name="bulkVerificationsTestCatchesExceptionWithResponseBody" time="0.0"/>
  <testcase classname="Api.UsVerificationsApiTest" name="usVerificationTest" time="0.001"/>
  <testcase classname="Api.CardsApiTest" name="CardsListTest" time="0.032"/>
  <testcase classname="Api.CardsApiTest" name="cardCreateTest" time="0.0"/>
  <testcase classname="Api.CardsApiTest" name="cardDeleteTest" time="0.001"/>
  <testcase classname="Api.CardsApiTest" name="cardRetrieveTest" time="0.0"/>
  <testcase classname="Api.CardsApiTest" name="cardUpdateTest" time="0.0"/>
  <testcase classname="Api.CardsApiTest" name="cardsCreateTestCatchesException" time="0.001"/>
  <testcase classname="Api.CardsApiTest" name="cardsCreateTestCatchesExceptionWithResponseBody" time="0.0"/>
  <testcase classname="Api.CardsApiTest" name="cardsDeleteTestCatchesException" time="0.0"/>
  <testcase classname="Api.CardsApiTest" name="cardsDeleteTestCatchesExceptionWithResponseBody" time="0.001"/>
  <testcase classname="Api.CardsApiTest" name="cardsListTestCatchesException" time="0.0"/>
  <testcase classname="Api.CardsApiTest" name="cardsListTestCatchesExceptionWithResponseBody" time="0.0"/>
  <testcase classname="Api.CardsApiTest" name="cardsRetrieveTestCatchesException" time="0.001"/>
  <testcase classname="Api.CardsApiTest" name="cardsRetrieveTestCatchesExceptionWithResponseBody" time="0.0"/>
  <testcase classname="Api.CardsApiTest" name="cardsUpdateTestCatchesException" time="0.0"/>
  <testcase classname="Api.CardsApiTest" name="cardsUpdateTestCatchesExceptionWithResponseBody" time="0.001"/>
  <testcase classname="Api.TemplateVersionsApiTest" name="createTemplateVersionTest" time="0.031"/>
  <testcase classname="Api.TemplateVersionsApiTest" name="createTemplateVersionTestCatchesException" time="0.0"/>
  <testcase classname="Api.TemplateVersionsApiTest" name="createTemplateVersionTestCatchesExceptionWithResponseBody" time="0.001"/>
  <testcase classname="Api.TemplateVersionsApiTest" name="templateVersionDeleteTest" time="0.0"/>
  <testcase classname="Api.TemplateVersionsApiTest" name="templateVersionDeleteTestCatchesException" time="0.0"/>
  <testcase classname="Api.TemplateVersionsApiTest" name="templateVersionDeleteTestCatchesExceptionWithResponseBody" time="0.001"/>
  <testcase classname="Api.TemplateVersionsApiTest" name="templateVersionRetrieveTest" time="0.0"/>
  <testcase classname="Api.TemplateVersionsApiTest" name="templateVersionRetrieveTestCatchesException" time="0.0"/>
  <testcase classname="Api.TemplateVersionsApiTest" name="templateVersionRetrieveTestCatchesExceptionWithResponseBody" time="0.001"/>
  <testcase classname="Api.TemplateVersionsApiTest" name="templateVersionUpdateTest" time="0.0"/>
  <testcase classname="Api.TemplateVersionsApiTest" name="templateVersionUpdateTestCatchesException" time="0.0"/>
  <testcase classname="Api.TemplateVersionsApiTest" name="templateVersionUpdateTestCatchesExceptionWithResponseBody" time="0.0"/>
  <testcase classname="Api.TemplateVersionsApiTest" name="templateVersionsListTest" time="0.0"/>
  <testcase classname="Api.TemplateVersionsApiTest" name="templateVersionsListTestCatchesException" time="0.001"/>
  <testcase classname="Api.TemplateVersionsApiTest" name="templateVersionsListTestCatchesExceptionWithResponseBody" time="0.0"/>
  <testcase classname="Api.TemplatesApiTest" name="templatesListTest" time="0.0">
    <ignored/>
  </testcase> <!-- templatesListTest -->
  <testcase classname="Api.BillingGroupsApiTest" name="billingGroupsListTest" time="0.0">
    <ignored/>
  </testcase> <!-- billingGroupsListTest -->
  <testcase classname="Api.PostcardsApiTest" name="postcardsListTest" time="0.0">
    <ignored/>
  </testcase> <!-- postcardsListTest -->
  <testcase classname="Api.ChecksApiTest" name="checksListTest" time="0.0">
    <ignored/>
  </testcase> <!-- checksListTest -->
  <testcase classname="Api.LettersApiTest" name="lettersListTest" time="0.0">
    <ignored/>
  </testcase> <!-- lettersListTest -->
  <testcase classname="Api.BankAccountsApiTest" name="bankAccountVerifyTest" time="0.0">
    <ignored/>
  </testcase> <!-- bankAccountVerifyTest -->
</testsuite> <!-- Command line test -->
